=================== train date: 2025-04-01, param: param1 ====================
-piece_num 4 -u_stdev 0.01 -u_alpha 0.1 -u_beta 1 -u_l1 1 -u_l2 100 -w_stdev 0.01 -w_alpha 0.1 -w_beta 1 -w_l1 1 -w_l2 100 -core 8
load column_name:200 label_index:113
load single features:120
load combined features:153
2000000 lines have finished
4000000 lines have finished
6000000 lines have finished
8000000 lines have finished
10000000 lines have finished
12000000 lines have finished
14000000 lines have finished
16000000 lines have finished

real	10m40.459s
user	79m10.135s
sys	0m44.986s
=================== train date: 2025-04-02, param: param1 ====================
-piece_num 4 -u_stdev 0.01 -u_alpha 0.1 -u_beta 1 -u_l1 1 -u_l2 100 -w_stdev 0.01 -w_alpha 0.1 -w_beta 1 -w_l1 1 -w_l2 100 -core 8
load column_name:200 label_index:113
load single features:120
load combined features:153
2000000 lines have finished
4000000 lines have finished
6000000 lines have finished
8000000 lines have finished
10000000 lines have finished
12000000 lines have finished
14000000 lines have finished
16000000 lines have finished
18000000 lines have finished

real	11m46.546s
user	83m37.614s
sys	0m48.554s
=================== train date: 2025-04-03, param: param1 ====================
-piece_num 4 -u_stdev 0.01 -u_alpha 0.1 -u_beta 1 -u_l1 1 -u_l2 100 -w_stdev 0.01 -w_alpha 0.1 -w_beta 1 -w_l1 1 -w_l2 100 -core 8
load column_name:200 label_index:113
load single features:120
load combined features:153
2000000 lines have finished
4000000 lines have finished
6000000 lines have finished
8000000 lines have finished
10000000 lines have finished
12000000 lines have finished
14000000 lines have finished
16000000 lines have finished

real	11m4.870s
user	76m26.592s
sys	0m48.094s
=================== train date: 2025-04-04, param: param1 ====================
-piece_num 4 -u_stdev 0.01 -u_alpha 0.1 -u_beta 1 -u_l1 1 -u_l2 100 -w_stdev 0.01 -w_alpha 0.1 -w_beta 1 -w_l1 1 -w_l2 100 -core 8
load column_name:200 label_index:113
load single features:120
load combined features:153
2000000 lines have finished
4000000 lines have finished
6000000 lines have finished
8000000 lines have finished
10000000 lines have finished
12000000 lines have finished
14000000 lines have finished

real	10m54.883s
user	73m15.870s
sys	0m48.506s
=================== train date: 2025-04-05, param: param1 ====================
-piece_num 4 -u_stdev 0.01 -u_alpha 0.1 -u_beta 1 -u_l1 1 -u_l2 100 -w_stdev 0.01 -w_alpha 0.1 -w_beta 1 -w_l1 1 -w_l2 100 -core 8
load column_name:200 label_index:113
load single features:120
load combined features:153
2000000 lines have finished
4000000 lines have finished
6000000 lines have finished
8000000 lines have finished
10000000 lines have finished
12000000 lines have finished
14000000 lines have finished

real	11m45.651s
user	78m58.059s
sys	0m53.858s
=================== train date: 2025-04-06, param: param1 ====================
-piece_num 4 -u_stdev 0.01 -u_alpha 0.1 -u_beta 1 -u_l1 1 -u_l2 100 -w_stdev 0.01 -w_alpha 0.1 -w_beta 1 -w_l1 1 -w_l2 100 -core 8
load column_name:200 label_index:113
load single features:120
load combined features:153
2000000 lines have finished
4000000 lines have finished
6000000 lines have finished
8000000 lines have finished
10000000 lines have finished
12000000 lines have finished
14000000 lines have finished

real	10m27.920s
user	67m44.644s
sys	0m43.827s
=================== train date: 2025-04-07, param: param1 ====================
-piece_num 4 -u_stdev 0.01 -u_alpha 0.1 -u_beta 1 -u_l1 1 -u_l2 100 -w_stdev 0.01 -w_alpha 0.1 -w_beta 1 -w_l1 1 -w_l2 100 -core 8
load column_name:200 label_index:113
load single features:120
load combined features:153
2000000 lines have finished
4000000 lines have finished
6000000 lines have finished
8000000 lines have finished
10000000 lines have finished
12000000 lines have finished
14000000 lines have finished
16000000 lines have finished

real	12m3.775s
user	76m42.122s
sys	0m55.792s
=================== train date: 2025-04-08, param: param1 ====================
-piece_num 4 -u_stdev 0.01 -u_alpha 0.1 -u_beta 1 -u_l1 1 -u_l2 100 -w_stdev 0.01 -w_alpha 0.1 -w_beta 1 -w_l1 1 -w_l2 100 -core 8
load column_name:200 label_index:113
load single features:120
load combined features:153
2000000 lines have finished
4000000 lines have finished
6000000 lines have finished
8000000 lines have finished
10000000 lines have finished
12000000 lines have finished
14000000 lines have finished
16000000 lines have finished

real	12m45.596s
user	81m25.733s
sys	0m53.770s
=================== train date: 2025-04-09, param: param1 ====================
-piece_num 4 -u_stdev 0.01 -u_alpha 0.1 -u_beta 1 -u_l1 1 -u_l2 100 -w_stdev 0.01 -w_alpha 0.1 -w_beta 1 -w_l1 1 -w_l2 100 -core 8
load column_name:200 label_index:113
load single features:120
load combined features:153
2000000 lines have finished
4000000 lines have finished
6000000 lines have finished
8000000 lines have finished
10000000 lines have finished
12000000 lines have finished
14000000 lines have finished
16000000 lines have finished

real	11m33.974s
user	73m36.827s
sys	0m49.953s
=================== train date: 2025-04-10, param: param1 ====================
-piece_num 4 -u_stdev 0.01 -u_alpha 0.1 -u_beta 1 -u_l1 1 -u_l2 100 -w_stdev 0.01 -w_alpha 0.1 -w_beta 1 -w_l1 1 -w_l2 100 -core 8
load column_name:200 label_index:113
load single features:120
load combined features:153
2000000 lines have finished
4000000 lines have finished
6000000 lines have finished
8000000 lines have finished
10000000 lines have finished
12000000 lines have finished
14000000 lines have finished

real	11m4.291s
user	69m6.514s
sys	0m47.744s
=================== train date: 2025-04-11, param: param1 ====================
-piece_num 4 -u_stdev 0.01 -u_alpha 0.1 -u_beta 1 -u_l1 1 -u_l2 100 -w_stdev 0.01 -w_alpha 0.1 -w_beta 1 -w_l1 1 -w_l2 100 -core 8
load column_name:200 label_index:113
load single features:120
load combined features:153
2000000 lines have finished
4000000 lines have finished
6000000 lines have finished
8000000 lines have finished
10000000 lines have finished
12000000 lines have finished
14000000 lines have finished

real	11m8.449s
user	68m39.890s
sys	0m49.218s
=================== train date: 2025-04-12, param: param1 ====================
-piece_num 4 -u_stdev 0.01 -u_alpha 0.1 -u_beta 1 -u_l1 1 -u_l2 100 -w_stdev 0.01 -w_alpha 0.1 -w_beta 1 -w_l1 1 -w_l2 100 -core 8
load column_name:200 label_index:113
load single features:120
load combined features:153
2000000 lines have finished
4000000 lines have finished
6000000 lines have finished
8000000 lines have finished
10000000 lines have finished
12000000 lines have finished
14000000 lines have finished

real	11m8.166s
user	67m57.887s
sys	0m48.008s
=================== train date: 2025-04-13, param: param1 ====================
-piece_num 4 -u_stdev 0.01 -u_alpha 0.1 -u_beta 1 -u_l1 1 -u_l2 100 -w_stdev 0.01 -w_alpha 0.1 -w_beta 1 -w_l1 1 -w_l2 100 -core 8
load column_name:200 label_index:113
load single features:120
load combined features:153
2000000 lines have finished
4000000 lines have finished
6000000 lines have finished
8000000 lines have finished
10000000 lines have finished
12000000 lines have finished
14000000 lines have finished

real	11m8.613s
user	67m26.499s
sys	0m50.239s
=================== train date: 2025-04-14, param: param1 ====================
-piece_num 4 -u_stdev 0.01 -u_alpha 0.1 -u_beta 1 -u_l1 1 -u_l2 100 -w_stdev 0.01 -w_alpha 0.1 -w_beta 1 -w_l1 1 -w_l2 100 -core 8
load column_name:200 label_index:113
load single features:120
load combined features:153
2000000 lines have finished
4000000 lines have finished
6000000 lines have finished
8000000 lines have finished
10000000 lines have finished
12000000 lines have finished
14000000 lines have finished

real	11m32.366s
user	69m58.548s
sys	0m50.779s
=================== train date: 2025-04-15, param: param1 ====================
-piece_num 4 -u_stdev 0.01 -u_alpha 0.1 -u_beta 1 -u_l1 1 -u_l2 100 -w_stdev 0.01 -w_alpha 0.1 -w_beta 1 -w_l1 1 -w_l2 100 -core 8
load column_name:200 label_index:113
load single features:120
load combined features:153
2000000 lines have finished
4000000 lines have finished
6000000 lines have finished
8000000 lines have finished
10000000 lines have finished
12000000 lines have finished
14000000 lines have finished

real	11m5.166s
user	65m45.252s
sys	0m49.670s
=================== train date: 2025-04-16, param: param1 ====================
-piece_num 4 -u_stdev 0.01 -u_alpha 0.1 -u_beta 1 -u_l1 1 -u_l2 100 -w_stdev 0.01 -w_alpha 0.1 -w_beta 1 -w_l1 1 -w_l2 100 -core 8
load column_name:200 label_index:113
load single features:120
load combined features:153
2000000 lines have finished
4000000 lines have finished
6000000 lines have finished
8000000 lines have finished
10000000 lines have finished
12000000 lines have finished
14000000 lines have finished

real	10m55.061s
user	64m3.870s
sys	0m48.967s
=================== validation date: 2025-04-17, param: param1 ===================
load column_name:200 label_index:113
load single features:120
load combined features:153
2000000 lines have finished
4000000 lines have finished
6000000 lines have finished
8000000 lines have finished
10000000 lines have finished
12000000 lines have finished
validation result for param1
******************** validation result ********************
pos num: 2020 neg num: 13322643
AUC: 0.7867, PCOC: 1.1528
************************************************************

real	7m16.559s
user	50m30.364s
sys	0m52.133s
=================== train date: 2025-04-01, param: param3 ====================
-piece_num 4 -u_stdev 0.01 -u_alpha 0.05 -u_beta 1 -u_l1 1 -u_l2 100 -w_stdev 0.01 -w_alpha 0.05 -w_beta 1 -w_l1 1 -w_l2 100 -core 8
load column_name:200 label_index:113
load single features:120
load combined features:153
2000000 lines have finished
4000000 lines have finished
6000000 lines have finished
8000000 lines have finished
10000000 lines have finished
12000000 lines have finished
14000000 lines have finished
16000000 lines have finished

real	11m2.212s
user	72m5.141s
sys	0m48.155s
=================== train date: 2025-04-02, param: param3 ====================
-piece_num 4 -u_stdev 0.01 -u_alpha 0.05 -u_beta 1 -u_l1 1 -u_l2 100 -w_stdev 0.01 -w_alpha 0.05 -w_beta 1 -w_l1 1 -w_l2 100 -core 8
load column_name:200 label_index:113
load single features:120
load combined features:153
2000000 lines have finished
4000000 lines have finished
6000000 lines have finished
8000000 lines have finished
10000000 lines have finished
12000000 lines have finished
14000000 lines have finished
16000000 lines have finished
18000000 lines have finished

real	11m43.607s
user	77m40.690s
sys	0m50.749s
=================== train date: 2025-04-03, param: param3 ====================
-piece_num 4 -u_stdev 0.01 -u_alpha 0.05 -u_beta 1 -u_l1 1 -u_l2 100 -w_stdev 0.01 -w_alpha 0.05 -w_beta 1 -w_l1 1 -w_l2 100 -core 8
load column_name:200 label_index:113
load single features:120
load combined features:153
2000000 lines have finished
4000000 lines have finished
6000000 lines have finished
8000000 lines have finished
10000000 lines have finished
12000000 lines have finished
14000000 lines have finished
16000000 lines have finished

real	10m52.538s
user	70m44.207s
sys	0m47.823s
=================== train date: 2025-04-04, param: param3 ====================
-piece_num 4 -u_stdev 0.01 -u_alpha 0.05 -u_beta 1 -u_l1 1 -u_l2 100 -w_stdev 0.01 -w_alpha 0.05 -w_beta 1 -w_l1 1 -w_l2 100 -core 8
load column_name:200 label_index:113
load single features:120
load combined features:153
2000000 lines have finished
4000000 lines have finished
6000000 lines have finished
8000000 lines have finished
10000000 lines have finished
12000000 lines have finished
14000000 lines have finished

real	10m18.218s
user	66m18.001s
sys	0m44.130s
=================== train date: 2025-04-05, param: param3 ====================
-piece_num 4 -u_stdev 0.01 -u_alpha 0.05 -u_beta 1 -u_l1 1 -u_l2 100 -w_stdev 0.01 -w_alpha 0.05 -w_beta 1 -w_l1 1 -w_l2 100 -core 8
load column_name:200 label_index:113
load single features:120
load combined features:153
2000000 lines have finished
4000000 lines have finished
6000000 lines have finished
8000000 lines have finished
10000000 lines have finished
12000000 lines have finished
14000000 lines have finished

real	10m6.108s
user	64m49.706s
sys	0m42.239s
=================== train date: 2025-04-06, param: param3 ====================
-piece_num 4 -u_stdev 0.01 -u_alpha 0.05 -u_beta 1 -u_l1 1 -u_l2 100 -w_stdev 0.01 -w_alpha 0.05 -w_beta 1 -w_l1 1 -w_l2 100 -core 8
load column_name:200 label_index:113
load single features:120
load combined features:153
2000000 lines have finished
4000000 lines have finished
6000000 lines have finished
8000000 lines have finished
10000000 lines have finished
12000000 lines have finished
14000000 lines have finished

real	10m11.008s
user	65m29.591s
sys	0m43.700s
=================== train date: 2025-04-07, param: param3 ====================
-piece_num 4 -u_stdev 0.01 -u_alpha 0.05 -u_beta 1 -u_l1 1 -u_l2 100 -w_stdev 0.01 -w_alpha 0.05 -w_beta 1 -w_l1 1 -w_l2 100 -core 8
load column_name:200 label_index:113
load single features:120
load combined features:153
2000000 lines have finished
4000000 lines have finished
6000000 lines have finished
8000000 lines have finished
10000000 lines have finished
12000000 lines have finished
14000000 lines have finished
16000000 lines have finished

real	11m36.491s
user	75m49.750s
sys	0m49.642s
=================== train date: 2025-04-08, param: param3 ====================
-piece_num 4 -u_stdev 0.01 -u_alpha 0.05 -u_beta 1 -u_l1 1 -u_l2 100 -w_stdev 0.01 -w_alpha 0.05 -w_beta 1 -w_l1 1 -w_l2 100 -core 8
load column_name:200 label_index:113
load single features:120
load combined features:153
2000000 lines have finished
4000000 lines have finished
6000000 lines have finished
8000000 lines have finished
10000000 lines have finished
12000000 lines have finished
14000000 lines have finished
16000000 lines have finished

real	11m48.639s
user	76m14.809s
sys	0m50.552s
=================== train date: 2025-04-09, param: param3 ====================
-piece_num 4 -u_stdev 0.01 -u_alpha 0.05 -u_beta 1 -u_l1 1 -u_l2 100 -w_stdev 0.01 -w_alpha 0.05 -w_beta 1 -w_l1 1 -w_l2 100 -core 8
load column_name:200 label_index:113
load single features:120
load combined features:153
2000000 lines have finished
4000000 lines have finished
6000000 lines have finished
8000000 lines have finished
10000000 lines have finished
12000000 lines have finished
14000000 lines have finished
16000000 lines have finished

real	11m33.630s
user	73m42.945s
sys	0m48.591s
=================== train date: 2025-04-10, param: param3 ====================
-piece_num 4 -u_stdev 0.01 -u_alpha 0.05 -u_beta 1 -u_l1 1 -u_l2 100 -w_stdev 0.01 -w_alpha 0.05 -w_beta 1 -w_l1 1 -w_l2 100 -core 8
load column_name:200 label_index:113
load single features:120
load combined features:153
2000000 lines have finished
4000000 lines have finished
6000000 lines have finished
8000000 lines have finished
10000000 lines have finished
12000000 lines have finished
14000000 lines have finished

real	11m4.991s
user	69m17.851s
sys	0m47.847s
=================== train date: 2025-04-11, param: param3 ====================
-piece_num 4 -u_stdev 0.01 -u_alpha 0.05 -u_beta 1 -u_l1 1 -u_l2 100 -w_stdev 0.01 -w_alpha 0.05 -w_beta 1 -w_l1 1 -w_l2 100 -core 8
load column_name:200 label_index:113
load single features:120
load combined features:153
2000000 lines have finished
4000000 lines have finished
6000000 lines have finished
8000000 lines have finished
10000000 lines have finished
12000000 lines have finished
14000000 lines have finished

real	11m6.277s
user	68m42.357s
sys	0m48.255s
=================== train date: 2025-04-12, param: param3 ====================
-piece_num 4 -u_stdev 0.01 -u_alpha 0.05 -u_beta 1 -u_l1 1 -u_l2 100 -w_stdev 0.01 -w_alpha 0.05 -w_beta 1 -w_l1 1 -w_l2 100 -core 8
load column_name:200 label_index:113
load single features:120
load combined features:153
2000000 lines have finished
4000000 lines have finished
6000000 lines have finished
8000000 lines have finished
10000000 lines have finished
12000000 lines have finished
14000000 lines have finished

real	11m36.989s
user	71m49.007s
sys	0m53.741s
=================== train date: 2025-04-13, param: param3 ====================
-piece_num 4 -u_stdev 0.01 -u_alpha 0.05 -u_beta 1 -u_l1 1 -u_l2 100 -w_stdev 0.01 -w_alpha 0.05 -w_beta 1 -w_l1 1 -w_l2 100 -core 8
load column_name:200 label_index:113
load single features:120
load combined features:153
2000000 lines have finished
4000000 lines have finished
6000000 lines have finished
8000000 lines have finished
10000000 lines have finished
12000000 lines have finished
14000000 lines have finished

real	11m23.049s
user	69m2.044s
sys	0m53.592s
=================== train date: 2025-04-14, param: param3 ====================
-piece_num 4 -u_stdev 0.01 -u_alpha 0.05 -u_beta 1 -u_l1 1 -u_l2 100 -w_stdev 0.01 -w_alpha 0.05 -w_beta 1 -w_l1 1 -w_l2 100 -core 8
load column_name:200 label_index:113
load single features:120
load combined features:153
2000000 lines have finished
4000000 lines have finished
6000000 lines have finished
8000000 lines have finished
10000000 lines have finished
12000000 lines have finished
14000000 lines have finished

real	11m43.567s
user	71m18.883s
sys	0m53.390s
=================== train date: 2025-04-15, param: param3 ====================
-piece_num 4 -u_stdev 0.01 -u_alpha 0.05 -u_beta 1 -u_l1 1 -u_l2 100 -w_stdev 0.01 -w_alpha 0.05 -w_beta 1 -w_l1 1 -w_l2 100 -core 8
load column_name:200 label_index:113
load single features:120
load combined features:153
2000000 lines have finished
4000000 lines have finished
6000000 lines have finished
8000000 lines have finished
10000000 lines have finished
12000000 lines have finished
14000000 lines have finished

real	11m5.860s
user	65m45.696s
sys	0m50.300s
=================== train date: 2025-04-16, param: param3 ====================
-piece_num 4 -u_stdev 0.01 -u_alpha 0.05 -u_beta 1 -u_l1 1 -u_l2 100 -w_stdev 0.01 -w_alpha 0.05 -w_beta 1 -w_l1 1 -w_l2 100 -core 8
load column_name:200 label_index:113
load single features:120
load combined features:153
2000000 lines have finished
4000000 lines have finished
6000000 lines have finished
8000000 lines have finished
10000000 lines have finished
12000000 lines have finished
14000000 lines have finished

real	11m24.650s
user	66m56.353s
sys	0m54.544s
=================== validation date: 2025-04-17, param: param3 ===================
load column_name:200 label_index:113
load single features:120
load combined features:153
2000000 lines have finished
4000000 lines have finished
6000000 lines have finished
8000000 lines have finished
10000000 lines have finished
12000000 lines have finished
validation result for param3
******************** validation result ********************
pos num: 2020 neg num: 13322643
AUC: 0.7900, PCOC: 1.0724
************************************************************

real	7m57.256s
user	55m37.689s
sys	0m59.683s
=================== train date: 2025-04-01, param: param2 ====================
-piece_num 4 -u_stdev 0.1 -u_alpha 0.1 -u_beta 1 -u_l1 1 -u_l2 100 -w_stdev 0.1 -w_alpha 0.1 -w_beta 1 -w_l1 1 -w_l2 100 -core 8
load column_name:200 label_index:113
load single features:120
load combined features:153
2000000 lines have finished
4000000 lines have finished
6000000 lines have finished
8000000 lines have finished
10000000 lines have finished
12000000 lines have finished
14000000 lines have finished
16000000 lines have finished

real	10m46.277s
user	79m57.698s
sys	0m41.345s
=================== train date: 2025-04-02, param: param2 ====================
-piece_num 4 -u_stdev 0.1 -u_alpha 0.1 -u_beta 1 -u_l1 1 -u_l2 100 -w_stdev 0.1 -w_alpha 0.1 -w_beta 1 -w_l1 1 -w_l2 100 -core 8
load column_name:200 label_index:113
load single features:120
load combined features:153
2000000 lines have finished
4000000 lines have finished
6000000 lines have finished
8000000 lines have finished
10000000 lines have finished
12000000 lines have finished
14000000 lines have finished
16000000 lines have finished
18000000 lines have finished

real	11m51.442s
user	84m27.733s
sys	0m47.778s
=================== train date: 2025-04-03, param: param2 ====================
-piece_num 4 -u_stdev 0.1 -u_alpha 0.1 -u_beta 1 -u_l1 1 -u_l2 100 -w_stdev 0.1 -w_alpha 0.1 -w_beta 1 -w_l1 1 -w_l2 100 -core 8
load column_name:200 label_index:113
load single features:120
load combined features:153
2000000 lines have finished
4000000 lines have finished
6000000 lines have finished
8000000 lines have finished
10000000 lines have finished
12000000 lines have finished
14000000 lines have finished
16000000 lines have finished

real	11m2.745s
user	76m16.180s
sys	0m44.586s
=================== train date: 2025-04-04, param: param2 ====================
-piece_num 4 -u_stdev 0.1 -u_alpha 0.1 -u_beta 1 -u_l1 1 -u_l2 100 -w_stdev 0.1 -w_alpha 0.1 -w_beta 1 -w_l1 1 -w_l2 100 -core 8
load column_name:200 label_index:113
load single features:120
load combined features:153
2000000 lines have finished
4000000 lines have finished
6000000 lines have finished
8000000 lines have finished
10000000 lines have finished
12000000 lines have finished
14000000 lines have finished

real	10m38.048s
user	71m39.888s
sys	0m45.278s
=================== train date: 2025-04-05, param: param2 ====================
-piece_num 4 -u_stdev 0.1 -u_alpha 0.1 -u_beta 1 -u_l1 1 -u_l2 100 -w_stdev 0.1 -w_alpha 0.1 -w_beta 1 -w_l1 1 -w_l2 100 -core 8
load column_name:200 label_index:113
load single features:120
load combined features:153
2000000 lines have finished
4000000 lines have finished
6000000 lines have finished
8000000 lines have finished
10000000 lines have finished
12000000 lines have finished
14000000 lines have finished

real	10m43.794s
user	70m25.150s
sys	0m48.396s
=================== train date: 2025-04-06, param: param2 ====================
-piece_num 4 -u_stdev 0.1 -u_alpha 0.1 -u_beta 1 -u_l1 1 -u_l2 100 -w_stdev 0.1 -w_alpha 0.1 -w_beta 1 -w_l1 1 -w_l2 100 -core 8
load column_name:200 label_index:113
load single features:120
load combined features:153
2000000 lines have finished
4000000 lines have finished
6000000 lines have finished
8000000 lines have finished
10000000 lines have finished
12000000 lines have finished
14000000 lines have finished

real	10m58.617s
user	70m53.468s
sys	0m48.447s
=================== train date: 2025-04-07, param: param2 ====================
-piece_num 4 -u_stdev 0.1 -u_alpha 0.1 -u_beta 1 -u_l1 1 -u_l2 100 -w_stdev 0.1 -w_alpha 0.1 -w_beta 1 -w_l1 1 -w_l2 100 -core 8
load column_name:200 label_index:113
load single features:120
load combined features:153
2000000 lines have finished
4000000 lines have finished
6000000 lines have finished
8000000 lines have finished
10000000 lines have finished
12000000 lines have finished
14000000 lines have finished
16000000 lines have finished

real	11m53.493s
user	77m5.965s
sys	0m54.400s
=================== train date: 2025-04-08, param: param2 ====================
-piece_num 4 -u_stdev 0.1 -u_alpha 0.1 -u_beta 1 -u_l1 1 -u_l2 100 -w_stdev 0.1 -w_alpha 0.1 -w_beta 1 -w_l1 1 -w_l2 100 -core 8
load column_name:200 label_index:113
load single features:120
load combined features:153
2000000 lines have finished
4000000 lines have finished
6000000 lines have finished
8000000 lines have finished
10000000 lines have finished
12000000 lines have finished
14000000 lines have finished
16000000 lines have finished

real	12m12.299s
user	78m59.016s
sys	0m54.494s
=================== train date: 2025-04-09, param: param2 ====================
-piece_num 4 -u_stdev 0.1 -u_alpha 0.1 -u_beta 1 -u_l1 1 -u_l2 100 -w_stdev 0.1 -w_alpha 0.1 -w_beta 1 -w_l1 1 -w_l2 100 -core 8
load column_name:200 label_index:113
load single features:120
load combined features:153
2000000 lines have finished
4000000 lines have finished
6000000 lines have finished
8000000 lines have finished
10000000 lines have finished
12000000 lines have finished
14000000 lines have finished
16000000 lines have finished

real	12m0.143s
user	76m55.203s
sys	0m53.405s
=================== train date: 2025-04-10, param: param2 ====================
-piece_num 4 -u_stdev 0.1 -u_alpha 0.1 -u_beta 1 -u_l1 1 -u_l2 100 -w_stdev 0.1 -w_alpha 0.1 -w_beta 1 -w_l1 1 -w_l2 100 -core 8
load column_name:200 label_index:113
load single features:120
load combined features:153
2000000 lines have finished
4000000 lines have finished
6000000 lines have finished
8000000 lines have finished
10000000 lines have finished
12000000 lines have finished
14000000 lines have finished

real	11m33.880s
user	72m38.667s
sys	0m52.311s
=================== train date: 2025-04-11, param: param2 ====================
-piece_num 4 -u_stdev 0.1 -u_alpha 0.1 -u_beta 1 -u_l1 1 -u_l2 100 -w_stdev 0.1 -w_alpha 0.1 -w_beta 1 -w_l1 1 -w_l2 100 -core 8
load column_name:200 label_index:113
load single features:120
load combined features:153
2000000 lines have finished
4000000 lines have finished
6000000 lines have finished
8000000 lines have finished
10000000 lines have finished
12000000 lines have finished
14000000 lines have finished

real	12m21.876s
user	76m49.116s
sys	0m56.322s
=================== train date: 2025-04-12, param: param2 ====================
-piece_num 4 -u_stdev 0.1 -u_alpha 0.1 -u_beta 1 -u_l1 1 -u_l2 100 -w_stdev 0.1 -w_alpha 0.1 -w_beta 1 -w_l1 1 -w_l2 100 -core 8
load column_name:200 label_index:113
load single features:120
load combined features:153
2000000 lines have finished
4000000 lines have finished
6000000 lines have finished
8000000 lines have finished
10000000 lines have finished
12000000 lines have finished
14000000 lines have finished

real	12m15.256s
user	75m11.888s
sys	0m56.183s
=================== train date: 2025-04-13, param: param2 ====================
-piece_num 4 -u_stdev 0.1 -u_alpha 0.1 -u_beta 1 -u_l1 1 -u_l2 100 -w_stdev 0.1 -w_alpha 0.1 -w_beta 1 -w_l1 1 -w_l2 100 -core 8
load column_name:200 label_index:113
load single features:120
load combined features:153
2000000 lines have finished
4000000 lines have finished
6000000 lines have finished
8000000 lines have finished
10000000 lines have finished
12000000 lines have finished
14000000 lines have finished

real	12m9.321s
user	74m47.367s
sys	0m57.461s
=================== train date: 2025-04-14, param: param2 ====================
-piece_num 4 -u_stdev 0.1 -u_alpha 0.1 -u_beta 1 -u_l1 1 -u_l2 100 -w_stdev 0.1 -w_alpha 0.1 -w_beta 1 -w_l1 1 -w_l2 100 -core 8
load column_name:200 label_index:113
load single features:120
load combined features:153
2000000 lines have finished
4000000 lines have finished
6000000 lines have finished
8000000 lines have finished
10000000 lines have finished
12000000 lines have finished
14000000 lines have finished

real	12m34.538s
user	76m45.808s
sys	1m0.060s
=================== train date: 2025-04-15, param: param2 ====================
-piece_num 4 -u_stdev 0.1 -u_alpha 0.1 -u_beta 1 -u_l1 1 -u_l2 100 -w_stdev 0.1 -w_alpha 0.1 -w_beta 1 -w_l1 1 -w_l2 100 -core 8
load column_name:200 label_index:113
load single features:120
load combined features:153
2000000 lines have finished
4000000 lines have finished
6000000 lines have finished
8000000 lines have finished
10000000 lines have finished
12000000 lines have finished
14000000 lines have finished

real	12m5.518s
user	72m14.247s
sys	0m58.504s
=================== train date: 2025-04-16, param: param2 ====================
-piece_num 4 -u_stdev 0.1 -u_alpha 0.1 -u_beta 1 -u_l1 1 -u_l2 100 -w_stdev 0.1 -w_alpha 0.1 -w_beta 1 -w_l1 1 -w_l2 100 -core 8
load column_name:200 label_index:113
load single features:120
load combined features:153
2000000 lines have finished
4000000 lines have finished
6000000 lines have finished
8000000 lines have finished
10000000 lines have finished
12000000 lines have finished
14000000 lines have finished

real	11m36.924s
user	68m11.564s
sys	0m59.112s
=================== validation date: 2025-04-17, param: param2 ===================
load column_name:200 label_index:113
load single features:120
load combined features:153
2000000 lines have finished
4000000 lines have finished
6000000 lines have finished
8000000 lines have finished
10000000 lines have finished
12000000 lines have finished
validation result for param2
******************** validation result ********************
pos num: 2020 neg num: 13322643
AUC: 0.7861, PCOC: 1.1602
************************************************************

real	8m11.928s
user	55m10.605s
sys	0m59.917s
=================== train date: 2025-04-01, param: param5 ====================
-piece_num 4 -u_stdev 0.01 -u_alpha 0.1 -u_beta 1 -u_l1 5 -u_l2 100 -w_stdev 0.01 -w_alpha 0.1 -w_beta 1 -w_l1 5 -w_l2 100 -core 8
load column_name:200 label_index:113
load single features:120
load combined features:153
2000000 lines have finished
4000000 lines have finished
6000000 lines have finished
8000000 lines have finished
10000000 lines have finished
12000000 lines have finished
14000000 lines have finished
16000000 lines have finished

real	10m25.396s
user	77m18.363s
sys	0m43.615s
=================== train date: 2025-04-02, param: param5 ====================
-piece_num 4 -u_stdev 0.01 -u_alpha 0.1 -u_beta 1 -u_l1 5 -u_l2 100 -w_stdev 0.01 -w_alpha 0.1 -w_beta 1 -w_l1 5 -w_l2 100 -core 8
load column_name:200 label_index:113
load single features:120
load combined features:153
2000000 lines have finished
4000000 lines have finished
6000000 lines have finished
8000000 lines have finished
10000000 lines have finished
12000000 lines have finished
14000000 lines have finished
16000000 lines have finished
18000000 lines have finished

real	11m26.461s
user	81m28.031s
sys	0m48.876s
=================== train date: 2025-04-03, param: param5 ====================
-piece_num 4 -u_stdev 0.01 -u_alpha 0.1 -u_beta 1 -u_l1 5 -u_l2 100 -w_stdev 0.01 -w_alpha 0.1 -w_beta 1 -w_l1 5 -w_l2 100 -core 8
load column_name:200 label_index:113
load single features:120
load combined features:153
2000000 lines have finished
4000000 lines have finished
6000000 lines have finished
8000000 lines have finished
10000000 lines have finished
12000000 lines have finished
14000000 lines have finished
16000000 lines have finished

real	10m47.623s
user	74m15.821s
sys	0m46.856s
=================== train date: 2025-04-04, param: param5 ====================
-piece_num 4 -u_stdev 0.01 -u_alpha 0.1 -u_beta 1 -u_l1 5 -u_l2 100 -w_stdev 0.01 -w_alpha 0.1 -w_beta 1 -w_l1 5 -w_l2 100 -core 8
load column_name:200 label_index:113
load single features:120
load combined features:153
2000000 lines have finished
4000000 lines have finished
6000000 lines have finished
8000000 lines have finished
10000000 lines have finished
12000000 lines have finished
14000000 lines have finished

real	11m18.486s
user	76m23.369s
sys	0m50.359s
=================== train date: 2025-04-05, param: param5 ====================
-piece_num 4 -u_stdev 0.01 -u_alpha 0.1 -u_beta 1 -u_l1 5 -u_l2 100 -w_stdev 0.01 -w_alpha 0.1 -w_beta 1 -w_l1 5 -w_l2 100 -core 8
load column_name:200 label_index:113
load single features:120
load combined features:153
2000000 lines have finished
4000000 lines have finished
6000000 lines have finished
8000000 lines have finished
10000000 lines have finished
12000000 lines have finished
14000000 lines have finished

real	10m26.231s
user	68m30.574s
sys	0m46.239s
=================== train date: 2025-04-06, param: param5 ====================
-piece_num 4 -u_stdev 0.01 -u_alpha 0.1 -u_beta 1 -u_l1 5 -u_l2 100 -w_stdev 0.01 -w_alpha 0.1 -w_beta 1 -w_l1 5 -w_l2 100 -core 8
load column_name:200 label_index:113
load single features:120
load combined features:153
2000000 lines have finished
4000000 lines have finished
6000000 lines have finished
8000000 lines have finished
10000000 lines have finished
12000000 lines have finished
14000000 lines have finished

real	10m38.100s
user	68m53.422s
sys	0m46.190s
=================== train date: 2025-04-07, param: param5 ====================
-piece_num 4 -u_stdev 0.01 -u_alpha 0.1 -u_beta 1 -u_l1 5 -u_l2 100 -w_stdev 0.01 -w_alpha 0.1 -w_beta 1 -w_l1 5 -w_l2 100 -core 8
load column_name:200 label_index:113
load single features:120
load combined features:153
2000000 lines have finished
4000000 lines have finished
6000000 lines have finished
8000000 lines have finished
10000000 lines have finished
12000000 lines have finished
14000000 lines have finished
16000000 lines have finished

real	11m28.302s
user	74m35.538s
sys	0m50.576s
=================== train date: 2025-04-08, param: param5 ====================
-piece_num 4 -u_stdev 0.01 -u_alpha 0.1 -u_beta 1 -u_l1 5 -u_l2 100 -w_stdev 0.01 -w_alpha 0.1 -w_beta 1 -w_l1 5 -w_l2 100 -core 8
load column_name:200 label_index:113
load single features:120
load combined features:153
2000000 lines have finished
4000000 lines have finished
6000000 lines have finished
8000000 lines have finished
10000000 lines have finished
12000000 lines have finished
14000000 lines have finished
16000000 lines have finished

real	11m49.881s
user	76m27.466s
sys	0m51.558s
=================== train date: 2025-04-09, param: param5 ====================
-piece_num 4 -u_stdev 0.01 -u_alpha 0.1 -u_beta 1 -u_l1 5 -u_l2 100 -w_stdev 0.01 -w_alpha 0.1 -w_beta 1 -w_l1 5 -w_l2 100 -core 8
load column_name:200 label_index:113
load single features:120
load combined features:153
2000000 lines have finished
4000000 lines have finished
6000000 lines have finished
8000000 lines have finished
10000000 lines have finished
12000000 lines have finished
14000000 lines have finished
16000000 lines have finished

real	11m37.265s
user	74m13.090s
sys	0m50.556s
=================== train date: 2025-04-10, param: param5 ====================
-piece_num 4 -u_stdev 0.01 -u_alpha 0.1 -u_beta 1 -u_l1 5 -u_l2 100 -w_stdev 0.01 -w_alpha 0.1 -w_beta 1 -w_l1 5 -w_l2 100 -core 8
load column_name:200 label_index:113
load single features:120
load combined features:153
2000000 lines have finished
4000000 lines have finished
6000000 lines have finished
8000000 lines have finished
10000000 lines have finished
12000000 lines have finished
14000000 lines have finished

real	11m32.621s
user	71m37.664s
sys	0m53.477s
=================== train date: 2025-04-11, param: param5 ====================
-piece_num 4 -u_stdev 0.01 -u_alpha 0.1 -u_beta 1 -u_l1 5 -u_l2 100 -w_stdev 0.01 -w_alpha 0.1 -w_beta 1 -w_l1 5 -w_l2 100 -core 8
load column_name:200 label_index:113
load single features:120
load combined features:153
2000000 lines have finished
4000000 lines have finished
6000000 lines have finished
8000000 lines have finished
10000000 lines have finished
12000000 lines have finished
14000000 lines have finished

real	12m28.281s
user	76m53.611s
sys	0m56.529s
=================== train date: 2025-04-12, param: param5 ====================
-piece_num 4 -u_stdev 0.01 -u_alpha 0.1 -u_beta 1 -u_l1 5 -u_l2 100 -w_stdev 0.01 -w_alpha 0.1 -w_beta 1 -w_l1 5 -w_l2 100 -core 8
load column_name:200 label_index:113
load single features:120
load combined features:153
2000000 lines have finished
4000000 lines have finished
6000000 lines have finished
8000000 lines have finished
10000000 lines have finished
12000000 lines have finished
14000000 lines have finished

real	12m18.518s
user	75m10.880s
sys	0m56.657s
=================== train date: 2025-04-13, param: param5 ====================
-piece_num 4 -u_stdev 0.01 -u_alpha 0.1 -u_beta 1 -u_l1 5 -u_l2 100 -w_stdev 0.01 -w_alpha 0.1 -w_beta 1 -w_l1 5 -w_l2 100 -core 8
load column_name:200 label_index:113
load single features:120
load combined features:153
2000000 lines have finished
4000000 lines have finished
6000000 lines have finished
8000000 lines have finished
10000000 lines have finished
12000000 lines have finished
14000000 lines have finished

real	12m16.280s
user	75m23.940s
sys	0m57.394s
=================== train date: 2025-04-14, param: param5 ====================
-piece_num 4 -u_stdev 0.01 -u_alpha 0.1 -u_beta 1 -u_l1 5 -u_l2 100 -w_stdev 0.01 -w_alpha 0.1 -w_beta 1 -w_l1 5 -w_l2 100 -core 8
load column_name:200 label_index:113
load single features:120
load combined features:153
2000000 lines have finished
4000000 lines have finished
6000000 lines have finished
8000000 lines have finished
10000000 lines have finished
12000000 lines have finished
14000000 lines have finished

real	12m48.515s
user	77m55.098s
sys	1m0.343s
=================== train date: 2025-04-15, param: param5 ====================
-piece_num 4 -u_stdev 0.01 -u_alpha 0.1 -u_beta 1 -u_l1 5 -u_l2 100 -w_stdev 0.01 -w_alpha 0.1 -w_beta 1 -w_l1 5 -w_l2 100 -core 8
load column_name:200 label_index:113
load single features:120
load combined features:153
2000000 lines have finished
4000000 lines have finished
6000000 lines have finished
8000000 lines have finished
10000000 lines have finished
12000000 lines have finished
14000000 lines have finished

real	12m18.144s
user	73m29.792s
sys	0m57.533s
=================== train date: 2025-04-16, param: param5 ====================
-piece_num 4 -u_stdev 0.01 -u_alpha 0.1 -u_beta 1 -u_l1 5 -u_l2 100 -w_stdev 0.01 -w_alpha 0.1 -w_beta 1 -w_l1 5 -w_l2 100 -core 8
load column_name:200 label_index:113
load single features:120
load combined features:153
2000000 lines have finished
4000000 lines have finished
6000000 lines have finished
8000000 lines have finished
10000000 lines have finished
12000000 lines have finished
14000000 lines have finished

real	12m4.367s
user	70m53.193s
sys	0m58.595s
=================== validation date: 2025-04-17, param: param5 ===================
load column_name:200 label_index:113
load single features:120
load combined features:153
2000000 lines have finished
4000000 lines have finished
6000000 lines have finished
8000000 lines have finished
10000000 lines have finished
12000000 lines have finished
validation result for param5
******************** validation result ********************
pos num: 2020 neg num: 13322643
AUC: 0.7864, PCOC: 1.1515
************************************************************

real	8m1.978s
user	55m53.691s
sys	1m0.821s
=================== train date: 2025-04-01, param: param4 ====================
-piece_num 4 -u_stdev 0.01 -u_alpha 0.1 -u_beta 1 -u_l1 0.5 -u_l2 100 -w_stdev 0.01 -w_alpha 0.1 -w_beta 1 -w_l1 0.5 -w_l2 100 -core 8
load column_name:200 label_index:113
load single features:120
load combined features:153
2000000 lines have finished
4000000 lines have finished
6000000 lines have finished
8000000 lines have finished
10000000 lines have finished
12000000 lines have finished
14000000 lines have finished
16000000 lines have finished

real	11m31.140s
user	85m26.095s
sys	0m49.828s
=================== train date: 2025-04-02, param: param4 ====================
-piece_num 4 -u_stdev 0.01 -u_alpha 0.1 -u_beta 1 -u_l1 0.5 -u_l2 100 -w_stdev 0.01 -w_alpha 0.1 -w_beta 1 -w_l1 0.5 -w_l2 100 -core 8
load column_name:200 label_index:113
load single features:120
load combined features:153
2000000 lines have finished
4000000 lines have finished
6000000 lines have finished
8000000 lines have finished
10000000 lines have finished
12000000 lines have finished
14000000 lines have finished
16000000 lines have finished
18000000 lines have finished

real	12m34.672s
user	89m32.503s
sys	0m55.035s
=================== train date: 2025-04-03, param: param4 ====================
-piece_num 4 -u_stdev 0.01 -u_alpha 0.1 -u_beta 1 -u_l1 0.5 -u_l2 100 -w_stdev 0.01 -w_alpha 0.1 -w_beta 1 -w_l1 0.5 -w_l2 100 -core 8
load column_name:200 label_index:113
load single features:120
load combined features:153
2000000 lines have finished
4000000 lines have finished
6000000 lines have finished
8000000 lines have finished
10000000 lines have finished
12000000 lines have finished
14000000 lines have finished
16000000 lines have finished

real	11m49.332s
user	81m47.843s
sys	0m51.387s
=================== train date: 2025-04-04, param: param4 ====================
-piece_num 4 -u_stdev 0.01 -u_alpha 0.1 -u_beta 1 -u_l1 0.5 -u_l2 100 -w_stdev 0.01 -w_alpha 0.1 -w_beta 1 -w_l1 0.5 -w_l2 100 -core 8
load column_name:200 label_index:113
load single features:120
load combined features:153
2000000 lines have finished
4000000 lines have finished
6000000 lines have finished
8000000 lines have finished
10000000 lines have finished
12000000 lines have finished
14000000 lines have finished

real	11m20.637s
user	76m41.842s
sys	0m49.578s
=================== train date: 2025-04-05, param: param4 ====================
-piece_num 4 -u_stdev 0.01 -u_alpha 0.1 -u_beta 1 -u_l1 0.5 -u_l2 100 -w_stdev 0.01 -w_alpha 0.1 -w_beta 1 -w_l1 0.5 -w_l2 100 -core 8
load column_name:200 label_index:113
load single features:120
load combined features:153
2000000 lines have finished
4000000 lines have finished
6000000 lines have finished
8000000 lines have finished
10000000 lines have finished
12000000 lines have finished
14000000 lines have finished

real	11m27.702s
user	75m29.343s
sys	0m50.986s
=================== train date: 2025-04-06, param: param4 ====================
-piece_num 4 -u_stdev 0.01 -u_alpha 0.1 -u_beta 1 -u_l1 0.5 -u_l2 100 -w_stdev 0.01 -w_alpha 0.1 -w_beta 1 -w_l1 0.5 -w_l2 100 -core 8
load column_name:200 label_index:113
load single features:120
load combined features:153
2000000 lines have finished
4000000 lines have finished
6000000 lines have finished
8000000 lines have finished
10000000 lines have finished
12000000 lines have finished
14000000 lines have finished

real	11m39.159s
user	75m30.794s
sys	0m51.571s
=================== train date: 2025-04-07, param: param4 ====================
-piece_num 4 -u_stdev 0.01 -u_alpha 0.1 -u_beta 1 -u_l1 0.5 -u_l2 100 -w_stdev 0.01 -w_alpha 0.1 -w_beta 1 -w_l1 0.5 -w_l2 100 -core 8
load column_name:200 label_index:113
load single features:120
load combined features:153
2000000 lines have finished
4000000 lines have finished
6000000 lines have finished
8000000 lines have finished
10000000 lines have finished
12000000 lines have finished
14000000 lines have finished
16000000 lines have finished

real	12m34.944s
user	82m7.261s
sys	0m57.221s
=================== train date: 2025-04-08, param: param4 ====================
-piece_num 4 -u_stdev 0.01 -u_alpha 0.1 -u_beta 1 -u_l1 0.5 -u_l2 100 -w_stdev 0.01 -w_alpha 0.1 -w_beta 1 -w_l1 0.5 -w_l2 100 -core 8
load column_name:200 label_index:113
load single features:120
load combined features:153
2000000 lines have finished
4000000 lines have finished
6000000 lines have finished
8000000 lines have finished
10000000 lines have finished
12000000 lines have finished
14000000 lines have finished
16000000 lines have finished

real	12m53.446s
user	83m53.970s
sys	0m58.022s
=================== train date: 2025-04-09, param: param4 ====================
-piece_num 4 -u_stdev 0.01 -u_alpha 0.1 -u_beta 1 -u_l1 0.5 -u_l2 100 -w_stdev 0.01 -w_alpha 0.1 -w_beta 1 -w_l1 0.5 -w_l2 100 -core 8
load column_name:200 label_index:113
load single features:120
load combined features:153
2000000 lines have finished
4000000 lines have finished
6000000 lines have finished
8000000 lines have finished
10000000 lines have finished
12000000 lines have finished
14000000 lines have finished
16000000 lines have finished

real	12m48.762s
user	82m14.553s
sys	0m56.639s
=================== train date: 2025-04-10, param: param4 ====================
-piece_num 4 -u_stdev 0.01 -u_alpha 0.1 -u_beta 1 -u_l1 0.5 -u_l2 100 -w_stdev 0.01 -w_alpha 0.1 -w_beta 1 -w_l1 0.5 -w_l2 100 -core 8
load column_name:200 label_index:113
load single features:120
load combined features:153
2000000 lines have finished
4000000 lines have finished
6000000 lines have finished
8000000 lines have finished
10000000 lines have finished
12000000 lines have finished
14000000 lines have finished

real	12m5.985s
user	76m34.198s
sys	0m54.790s
=================== train date: 2025-04-11, param: param4 ====================
-piece_num 4 -u_stdev 0.01 -u_alpha 0.1 -u_beta 1 -u_l1 0.5 -u_l2 100 -w_stdev 0.01 -w_alpha 0.1 -w_beta 1 -w_l1 0.5 -w_l2 100 -core 8
load column_name:200 label_index:113
load single features:120
load combined features:153
2000000 lines have finished
4000000 lines have finished
6000000 lines have finished
8000000 lines have finished
10000000 lines have finished
12000000 lines have finished
14000000 lines have finished

real	12m25.397s
user	79m6.516s
sys	0m55.256s
=================== train date: 2025-04-12, param: param4 ====================
-piece_num 4 -u_stdev 0.01 -u_alpha 0.1 -u_beta 1 -u_l1 0.5 -u_l2 100 -w_stdev 0.01 -w_alpha 0.1 -w_beta 1 -w_l1 0.5 -w_l2 100 -core 8
load column_name:200 label_index:113
load single features:120
load combined features:153
2000000 lines have finished
4000000 lines have finished
6000000 lines have finished
8000000 lines have finished
10000000 lines have finished
12000000 lines have finished
14000000 lines have finished

real	11m9.473s
user	68m6.653s
sys	0m50.455s
=================== train date: 2025-04-13, param: param4 ====================
-piece_num 4 -u_stdev 0.01 -u_alpha 0.1 -u_beta 1 -u_l1 0.5 -u_l2 100 -w_stdev 0.01 -w_alpha 0.1 -w_beta 1 -w_l1 0.5 -w_l2 100 -core 8
load column_name:200 label_index:113
load single features:120
load combined features:153
2000000 lines have finished
4000000 lines have finished
6000000 lines have finished
8000000 lines have finished
10000000 lines have finished
12000000 lines have finished
14000000 lines have finished

real	11m16.870s
user	68m25.701s
sys	0m49.017s
=================== train date: 2025-04-14, param: param4 ====================
-piece_num 4 -u_stdev 0.01 -u_alpha 0.1 -u_beta 1 -u_l1 0.5 -u_l2 100 -w_stdev 0.01 -w_alpha 0.1 -w_beta 1 -w_l1 0.5 -w_l2 100 -core 8
load column_name:200 label_index:113
load single features:120
load combined features:153
2000000 lines have finished
4000000 lines have finished
6000000 lines have finished
8000000 lines have finished
10000000 lines have finished
12000000 lines have finished
14000000 lines have finished

real	11m37.068s
user	70m25.868s
sys	0m49.324s
=================== train date: 2025-04-15, param: param4 ====================
-piece_num 4 -u_stdev 0.01 -u_alpha 0.1 -u_beta 1 -u_l1 0.5 -u_l2 100 -w_stdev 0.01 -w_alpha 0.1 -w_beta 1 -w_l1 0.5 -w_l2 100 -core 8
load column_name:200 label_index:113
load single features:120
load combined features:153
2000000 lines have finished
4000000 lines have finished
6000000 lines have finished
8000000 lines have finished
10000000 lines have finished
12000000 lines have finished
14000000 lines have finished

real	11m6.602s
user	66m4.036s
sys	0m49.249s
=================== train date: 2025-04-16, param: param4 ====================
-piece_num 4 -u_stdev 0.01 -u_alpha 0.1 -u_beta 1 -u_l1 0.5 -u_l2 100 -w_stdev 0.01 -w_alpha 0.1 -w_beta 1 -w_l1 0.5 -w_l2 100 -core 8
load column_name:200 label_index:113
load single features:120
load combined features:153
2000000 lines have finished
4000000 lines have finished
6000000 lines have finished
8000000 lines have finished
10000000 lines have finished
12000000 lines have finished
14000000 lines have finished

real	10m55.750s
user	64m4.530s
sys	0m50.666s
=================== validation date: 2025-04-17, param: param4 ===================
load column_name:200 label_index:113
load single features:120
load combined features:153
2000000 lines have finished
4000000 lines have finished
6000000 lines have finished
8000000 lines have finished
10000000 lines have finished
12000000 lines have finished
validation result for param4
******************** validation result ********************
pos num: 2020 neg num: 13322643
AUC: 0.7885, PCOC: 1.1543
************************************************************

real	7m16.519s
user	50m29.599s
sys	0m53.167s
=================== train date: 2025-04-01, param: param7 ====================
-piece_num 4 -u_stdev 0.01 -u_alpha 0.3 -u_beta 1 -u_l1 5 -u_l2 300 -w_stdev 0.01 -w_alpha 0.3 -w_beta 1 -w_l1 5 -w_l2 300 -core 8
load column_name:200 label_index:113
load single features:120
load combined features:153
2000000 lines have finished
4000000 lines have finished
6000000 lines have finished
8000000 lines have finished
10000000 lines have finished
12000000 lines have finished
14000000 lines have finished
16000000 lines have finished

real	10m13.356s
user	75m49.535s
sys	0m40.411s
=================== train date: 2025-04-02, param: param7 ====================
-piece_num 4 -u_stdev 0.01 -u_alpha 0.3 -u_beta 1 -u_l1 5 -u_l2 300 -w_stdev 0.01 -w_alpha 0.3 -w_beta 1 -w_l1 5 -w_l2 300 -core 8
load column_name:200 label_index:113
load single features:120
load combined features:153
2000000 lines have finished
4000000 lines have finished
6000000 lines have finished
8000000 lines have finished
10000000 lines have finished
12000000 lines have finished
14000000 lines have finished
16000000 lines have finished
18000000 lines have finished

real	11m17.966s
user	80m25.328s
sys	0m46.078s
=================== train date: 2025-04-03, param: param7 ====================
-piece_num 4 -u_stdev 0.01 -u_alpha 0.3 -u_beta 1 -u_l1 5 -u_l2 300 -w_stdev 0.01 -w_alpha 0.3 -w_beta 1 -w_l1 5 -w_l2 300 -core 8
load column_name:200 label_index:113
load single features:120
load combined features:153
2000000 lines have finished
4000000 lines have finished
6000000 lines have finished
8000000 lines have finished
10000000 lines have finished
12000000 lines have finished
14000000 lines have finished
16000000 lines have finished

real	10m37.371s
user	73m13.878s
sys	0m43.632s
=================== train date: 2025-04-04, param: param7 ====================
-piece_num 4 -u_stdev 0.01 -u_alpha 0.3 -u_beta 1 -u_l1 5 -u_l2 300 -w_stdev 0.01 -w_alpha 0.3 -w_beta 1 -w_l1 5 -w_l2 300 -core 8
load column_name:200 label_index:113
load single features:120
load combined features:153
2000000 lines have finished
4000000 lines have finished
6000000 lines have finished
8000000 lines have finished
10000000 lines have finished
12000000 lines have finished
14000000 lines have finished

real	10m14.372s
user	68m39.453s
sys	0m42.253s
=================== train date: 2025-04-05, param: param7 ====================
-piece_num 4 -u_stdev 0.01 -u_alpha 0.3 -u_beta 1 -u_l1 5 -u_l2 300 -w_stdev 0.01 -w_alpha 0.3 -w_beta 1 -w_l1 5 -w_l2 300 -core 8
load column_name:200 label_index:113
load single features:120
load combined features:153
2000000 lines have finished
4000000 lines have finished
6000000 lines have finished
8000000 lines have finished
10000000 lines have finished
12000000 lines have finished
14000000 lines have finished

real	10m15.054s
user	67m16.447s
sys	0m43.020s
=================== train date: 2025-04-06, param: param7 ====================
-piece_num 4 -u_stdev 0.01 -u_alpha 0.3 -u_beta 1 -u_l1 5 -u_l2 300 -w_stdev 0.01 -w_alpha 0.3 -w_beta 1 -w_l1 5 -w_l2 300 -core 8
load column_name:200 label_index:113
load single features:120
load combined features:153
2000000 lines have finished
4000000 lines have finished
6000000 lines have finished
8000000 lines have finished
10000000 lines have finished
12000000 lines have finished
14000000 lines have finished

real	10m28.666s
user	67m42.564s
sys	0m45.239s
=================== train date: 2025-04-07, param: param7 ====================
-piece_num 4 -u_stdev 0.01 -u_alpha 0.3 -u_beta 1 -u_l1 5 -u_l2 300 -w_stdev 0.01 -w_alpha 0.3 -w_beta 1 -w_l1 5 -w_l2 300 -core 8
load column_name:200 label_index:113
load single features:120
load combined features:153
2000000 lines have finished
4000000 lines have finished
6000000 lines have finished
8000000 lines have finished
10000000 lines have finished
12000000 lines have finished
14000000 lines have finished
16000000 lines have finished

real	11m18.816s
user	73m32.975s
sys	0m46.980s
=================== train date: 2025-04-08, param: param7 ====================
-piece_num 4 -u_stdev 0.01 -u_alpha 0.3 -u_beta 1 -u_l1 5 -u_l2 300 -w_stdev 0.01 -w_alpha 0.3 -w_beta 1 -w_l1 5 -w_l2 300 -core 8
load column_name:200 label_index:113
load single features:120
load combined features:153
2000000 lines have finished
4000000 lines have finished
6000000 lines have finished
8000000 lines have finished
10000000 lines have finished
12000000 lines have finished
14000000 lines have finished
16000000 lines have finished

real	11m36.784s
user	75m13.147s
sys	0m49.082s
=================== train date: 2025-04-09, param: param7 ====================
-piece_num 4 -u_stdev 0.01 -u_alpha 0.3 -u_beta 1 -u_l1 5 -u_l2 300 -w_stdev 0.01 -w_alpha 0.3 -w_beta 1 -w_l1 5 -w_l2 300 -core 8
load column_name:200 label_index:113
load single features:120
load combined features:153
2000000 lines have finished
4000000 lines have finished
6000000 lines have finished
8000000 lines have finished
10000000 lines have finished
12000000 lines have finished
14000000 lines have finished
16000000 lines have finished

real	11m33.175s
user	73m38.491s
sys	0m49.071s
=================== train date: 2025-04-10, param: param7 ====================
-piece_num 4 -u_stdev 0.01 -u_alpha 0.3 -u_beta 1 -u_l1 5 -u_l2 300 -w_stdev 0.01 -w_alpha 0.3 -w_beta 1 -w_l1 5 -w_l2 300 -core 8
load column_name:200 label_index:113
load single features:120
load combined features:153
2000000 lines have finished
4000000 lines have finished
6000000 lines have finished
8000000 lines have finished
10000000 lines have finished
12000000 lines have finished
14000000 lines have finished

real	11m6.083s
user	69m27.540s
sys	0m48.663s
=================== train date: 2025-04-11, param: param7 ====================
-piece_num 4 -u_stdev 0.01 -u_alpha 0.3 -u_beta 1 -u_l1 5 -u_l2 300 -w_stdev 0.01 -w_alpha 0.3 -w_beta 1 -w_l1 5 -w_l2 300 -core 8
load column_name:200 label_index:113
load single features:120
load combined features:153
2000000 lines have finished
4000000 lines have finished
6000000 lines have finished
8000000 lines have finished
10000000 lines have finished
12000000 lines have finished
14000000 lines have finished

real	11m5.289s
user	68m30.579s
sys	0m48.222s
=================== train date: 2025-04-12, param: param7 ====================
-piece_num 4 -u_stdev 0.01 -u_alpha 0.3 -u_beta 1 -u_l1 5 -u_l2 300 -w_stdev 0.01 -w_alpha 0.3 -w_beta 1 -w_l1 5 -w_l2 300 -core 8
load column_name:200 label_index:113
load single features:120
load combined features:153
2000000 lines have finished
4000000 lines have finished
6000000 lines have finished
8000000 lines have finished
10000000 lines have finished
12000000 lines have finished
14000000 lines have finished

real	11m8.375s
user	68m7.424s
sys	0m48.531s
=================== train date: 2025-04-13, param: param7 ====================
-piece_num 4 -u_stdev 0.01 -u_alpha 0.3 -u_beta 1 -u_l1 5 -u_l2 300 -w_stdev 0.01 -w_alpha 0.3 -w_beta 1 -w_l1 5 -w_l2 300 -core 8
load column_name:200 label_index:113
load single features:120
load combined features:153
2000000 lines have finished
4000000 lines have finished
6000000 lines have finished
8000000 lines have finished
10000000 lines have finished
12000000 lines have finished
14000000 lines have finished

real	11m8.498s
user	67m26.953s
sys	0m49.762s
=================== train date: 2025-04-14, param: param7 ====================
-piece_num 4 -u_stdev 0.01 -u_alpha 0.3 -u_beta 1 -u_l1 5 -u_l2 300 -w_stdev 0.01 -w_alpha 0.3 -w_beta 1 -w_l1 5 -w_l2 300 -core 8
load column_name:200 label_index:113
load single features:120
load combined features:153
2000000 lines have finished
4000000 lines have finished
6000000 lines have finished
8000000 lines have finished
10000000 lines have finished
12000000 lines have finished
14000000 lines have finished

real	11m33.798s
user	70m14.863s
sys	0m52.656s
=================== train date: 2025-04-15, param: param7 ====================
-piece_num 4 -u_stdev 0.01 -u_alpha 0.3 -u_beta 1 -u_l1 5 -u_l2 300 -w_stdev 0.01 -w_alpha 0.3 -w_beta 1 -w_l1 5 -w_l2 300 -core 8
load column_name:200 label_index:113
load single features:120
load combined features:153
2000000 lines have finished
4000000 lines have finished
6000000 lines have finished
8000000 lines have finished
10000000 lines have finished
12000000 lines have finished
14000000 lines have finished

real	11m4.850s
user	65m42.292s
sys	0m50.896s
=================== train date: 2025-04-16, param: param7 ====================
-piece_num 4 -u_stdev 0.01 -u_alpha 0.3 -u_beta 1 -u_l1 5 -u_l2 300 -w_stdev 0.01 -w_alpha 0.3 -w_beta 1 -w_l1 5 -w_l2 300 -core 8
load column_name:200 label_index:113
load single features:120
load combined features:153
2000000 lines have finished
4000000 lines have finished
6000000 lines have finished
8000000 lines have finished
10000000 lines have finished
12000000 lines have finished
14000000 lines have finished

real	10m54.543s
user	63m53.676s
sys	0m48.755s
=================== validation date: 2025-04-17, param: param7 ===================
load column_name:200 label_index:113
load single features:120
load combined features:153
2000000 lines have finished
4000000 lines have finished
6000000 lines have finished
8000000 lines have finished
10000000 lines have finished
12000000 lines have finished
validation result for param7
******************** validation result ********************
pos num: 2020 neg num: 13322643
AUC: 0.7829, PCOC: 1.3013
************************************************************

real	7m18.201s
user	50m35.633s
sys	0m53.633s
=================== train date: 2025-04-01, param: param6 ====================
-piece_num 4 -u_stdev 0.01 -u_alpha 0.1 -u_beta 1 -u_l1 5 -u_l2 300 -w_stdev 0.01 -w_alpha 0.1 -w_beta 1 -w_l1 5 -w_l2 300 -core 8
load column_name:200 label_index:113
load single features:120
load combined features:153
2000000 lines have finished
4000000 lines have finished
6000000 lines have finished
8000000 lines have finished
10000000 lines have finished
12000000 lines have finished
14000000 lines have finished
16000000 lines have finished

real	10m14.572s
user	75m58.365s
sys	0m40.038s
=================== train date: 2025-04-02, param: param6 ====================
-piece_num 4 -u_stdev 0.01 -u_alpha 0.1 -u_beta 1 -u_l1 5 -u_l2 300 -w_stdev 0.01 -w_alpha 0.1 -w_beta 1 -w_l1 5 -w_l2 300 -core 8
load column_name:200 label_index:113
load single features:120
load combined features:153
2000000 lines have finished
4000000 lines have finished
6000000 lines have finished
8000000 lines have finished
10000000 lines have finished
12000000 lines have finished
14000000 lines have finished
16000000 lines have finished
18000000 lines have finished

real	11m16.803s
user	80m11.374s
sys	0m45.318s
=================== train date: 2025-04-03, param: param6 ====================
-piece_num 4 -u_stdev 0.01 -u_alpha 0.1 -u_beta 1 -u_l1 5 -u_l2 300 -w_stdev 0.01 -w_alpha 0.1 -w_beta 1 -w_l1 5 -w_l2 300 -core 8
load column_name:200 label_index:113
load single features:120
load combined features:153
2000000 lines have finished
4000000 lines have finished
6000000 lines have finished
8000000 lines have finished
10000000 lines have finished
12000000 lines have finished
14000000 lines have finished
16000000 lines have finished

real	10m39.689s
user	73m15.890s
sys	0m44.218s
=================== train date: 2025-04-04, param: param6 ====================
-piece_num 4 -u_stdev 0.01 -u_alpha 0.1 -u_beta 1 -u_l1 5 -u_l2 300 -w_stdev 0.01 -w_alpha 0.1 -w_beta 1 -w_l1 5 -w_l2 300 -core 8
load column_name:200 label_index:113
load single features:120
load combined features:153
2000000 lines have finished
4000000 lines have finished
6000000 lines have finished
8000000 lines have finished
10000000 lines have finished
12000000 lines have finished
14000000 lines have finished

real	10m13.354s
user	68m37.662s
sys	0m42.358s
=================== train date: 2025-04-05, param: param6 ====================
-piece_num 4 -u_stdev 0.01 -u_alpha 0.1 -u_beta 1 -u_l1 5 -u_l2 300 -w_stdev 0.01 -w_alpha 0.1 -w_beta 1 -w_l1 5 -w_l2 300 -core 8
load column_name:200 label_index:113
load single features:120
load combined features:153
2000000 lines have finished
4000000 lines have finished
6000000 lines have finished
8000000 lines have finished
10000000 lines have finished
12000000 lines have finished
14000000 lines have finished

real	10m13.806s
user	67m11.079s
sys	0m43.834s
=================== train date: 2025-04-06, param: param6 ====================
-piece_num 4 -u_stdev 0.01 -u_alpha 0.1 -u_beta 1 -u_l1 5 -u_l2 300 -w_stdev 0.01 -w_alpha 0.1 -w_beta 1 -w_l1 5 -w_l2 300 -core 8
load column_name:200 label_index:113
load single features:120
load combined features:153
2000000 lines have finished
4000000 lines have finished
6000000 lines have finished
8000000 lines have finished
10000000 lines have finished
12000000 lines have finished
14000000 lines have finished

real	10m26.086s
user	67m42.684s
sys	0m43.747s
=================== train date: 2025-04-07, param: param6 ====================
-piece_num 4 -u_stdev 0.01 -u_alpha 0.1 -u_beta 1 -u_l1 5 -u_l2 300 -w_stdev 0.01 -w_alpha 0.1 -w_beta 1 -w_l1 5 -w_l2 300 -core 8
load column_name:200 label_index:113
load single features:120
load combined features:153
2000000 lines have finished
4000000 lines have finished
6000000 lines have finished
8000000 lines have finished
10000000 lines have finished
12000000 lines have finished
14000000 lines have finished
16000000 lines have finished

real	11m19.379s
user	73m38.539s
sys	0m48.165s
=================== train date: 2025-04-08, param: param6 ====================
-piece_num 4 -u_stdev 0.01 -u_alpha 0.1 -u_beta 1 -u_l1 5 -u_l2 300 -w_stdev 0.01 -w_alpha 0.1 -w_beta 1 -w_l1 5 -w_l2 300 -core 8
load column_name:200 label_index:113
load single features:120
load combined features:153
2000000 lines have finished
4000000 lines have finished
6000000 lines have finished
8000000 lines have finished
10000000 lines have finished
12000000 lines have finished
14000000 lines have finished
16000000 lines have finished

real	11m37.152s
user	74m59.243s
sys	0m49.537s
=================== train date: 2025-04-09, param: param6 ====================
-piece_num 4 -u_stdev 0.01 -u_alpha 0.1 -u_beta 1 -u_l1 5 -u_l2 300 -w_stdev 0.01 -w_alpha 0.1 -w_beta 1 -w_l1 5 -w_l2 300 -core 8
load column_name:200 label_index:113
load single features:120
load combined features:153
2000000 lines have finished
4000000 lines have finished
6000000 lines have finished
8000000 lines have finished
10000000 lines have finished
12000000 lines have finished
14000000 lines have finished
16000000 lines have finished

real	11m28.552s
user	73m15.616s
sys	0m49.718s
=================== train date: 2025-04-10, param: param6 ====================
-piece_num 4 -u_stdev 0.01 -u_alpha 0.1 -u_beta 1 -u_l1 5 -u_l2 300 -w_stdev 0.01 -w_alpha 0.1 -w_beta 1 -w_l1 5 -w_l2 300 -core 8
load column_name:200 label_index:113
load single features:120
load combined features:153
2000000 lines have finished
4000000 lines have finished
6000000 lines have finished
8000000 lines have finished
10000000 lines have finished
12000000 lines have finished
14000000 lines have finished

real	11m2.739s
user	69m0.700s
sys	0m47.728s
=================== train date: 2025-04-11, param: param6 ====================
-piece_num 4 -u_stdev 0.01 -u_alpha 0.1 -u_beta 1 -u_l1 5 -u_l2 300 -w_stdev 0.01 -w_alpha 0.1 -w_beta 1 -w_l1 5 -w_l2 300 -core 8
load column_name:200 label_index:113
load single features:120
load combined features:153
2000000 lines have finished
4000000 lines have finished
6000000 lines have finished
8000000 lines have finished
10000000 lines have finished
12000000 lines have finished
14000000 lines have finished

real	11m5.519s
user	68m23.050s
sys	0m50.524s
=================== train date: 2025-04-12, param: param6 ====================
-piece_num 4 -u_stdev 0.01 -u_alpha 0.1 -u_beta 1 -u_l1 5 -u_l2 300 -w_stdev 0.01 -w_alpha 0.1 -w_beta 1 -w_l1 5 -w_l2 300 -core 8
load column_name:200 label_index:113
load single features:120
load combined features:153
2000000 lines have finished
4000000 lines have finished
6000000 lines have finished
8000000 lines have finished
10000000 lines have finished
12000000 lines have finished
14000000 lines have finished

real	11m5.196s
user	67m44.019s
sys	0m49.857s
=================== train date: 2025-04-13, param: param6 ====================
-piece_num 4 -u_stdev 0.01 -u_alpha 0.1 -u_beta 1 -u_l1 5 -u_l2 300 -w_stdev 0.01 -w_alpha 0.1 -w_beta 1 -w_l1 5 -w_l2 300 -core 8
load column_name:200 label_index:113
load single features:120
load combined features:153
2000000 lines have finished
4000000 lines have finished
6000000 lines have finished
8000000 lines have finished
10000000 lines have finished
12000000 lines have finished
14000000 lines have finished

real	11m6.527s
user	67m12.542s
sys	0m50.064s
=================== train date: 2025-04-14, param: param6 ====================
-piece_num 4 -u_stdev 0.01 -u_alpha 0.1 -u_beta 1 -u_l1 5 -u_l2 300 -w_stdev 0.01 -w_alpha 0.1 -w_beta 1 -w_l1 5 -w_l2 300 -core 8
load column_name:200 label_index:113
load single features:120
load combined features:153
2000000 lines have finished
4000000 lines have finished
6000000 lines have finished
8000000 lines have finished
10000000 lines have finished
12000000 lines have finished
14000000 lines have finished

real	11m32.323s
user	70m6.493s
sys	0m50.688s
=================== train date: 2025-04-15, param: param6 ====================
-piece_num 4 -u_stdev 0.01 -u_alpha 0.1 -u_beta 1 -u_l1 5 -u_l2 300 -w_stdev 0.01 -w_alpha 0.1 -w_beta 1 -w_l1 5 -w_l2 300 -core 8
load column_name:200 label_index:113
load single features:120
load combined features:153
2000000 lines have finished
4000000 lines have finished
6000000 lines have finished
8000000 lines have finished
10000000 lines have finished
12000000 lines have finished
14000000 lines have finished

real	11m4.977s
user	65m46.143s
sys	0m50.334s
=================== train date: 2025-04-16, param: param6 ====================
-piece_num 4 -u_stdev 0.01 -u_alpha 0.1 -u_beta 1 -u_l1 5 -u_l2 300 -w_stdev 0.01 -w_alpha 0.1 -w_beta 1 -w_l1 5 -w_l2 300 -core 8
load column_name:200 label_index:113
load single features:120
load combined features:153
2000000 lines have finished
4000000 lines have finished
6000000 lines have finished
8000000 lines have finished
10000000 lines have finished
12000000 lines have finished
14000000 lines have finished

real	10m55.334s
user	64m3.640s
sys	0m50.517s
=================== validation date: 2025-04-17, param: param6 ===================
load column_name:200 label_index:113
load single features:120
load combined features:153
2000000 lines have finished
4000000 lines have finished
6000000 lines have finished
8000000 lines have finished
10000000 lines have finished
12000000 lines have finished
validation result for param6
******************** validation result ********************
pos num: 2020 neg num: 13322643
AUC: 0.7853, PCOC: 1.1624
************************************************************

real	7m16.420s
user	50m31.368s
sys	0m52.699s
=================== train date: 2025-04-01, param: param9 ====================
-piece_num 4 -u_stdev 0.01 -u_alpha 0.1 -u_beta 2 -u_l1 2 -u_l2 100 -w_stdev 0.01 -w_alpha 0.3 -w_beta 2 -w_l1 2 -w_l2 100 -core 8
load column_name:200 label_index:113
load single features:120
load combined features:153
2000000 lines have finished
4000000 lines have finished
6000000 lines have finished
8000000 lines have finished
10000000 lines have finished
12000000 lines have finished
14000000 lines have finished
16000000 lines have finished

real	10m15.246s
user	76m2.552s
sys	0m40.503s
=================== train date: 2025-04-02, param: param9 ====================
-piece_num 4 -u_stdev 0.01 -u_alpha 0.1 -u_beta 2 -u_l1 2 -u_l2 100 -w_stdev 0.01 -w_alpha 0.3 -w_beta 2 -w_l1 2 -w_l2 100 -core 8
load column_name:200 label_index:113
load single features:120
load combined features:153
2000000 lines have finished
4000000 lines have finished
6000000 lines have finished
8000000 lines have finished
10000000 lines have finished
12000000 lines have finished
14000000 lines have finished
16000000 lines have finished
18000000 lines have finished

real	11m17.836s
user	80m23.483s
sys	0m45.129s
=================== train date: 2025-04-03, param: param9 ====================
-piece_num 4 -u_stdev 0.01 -u_alpha 0.1 -u_beta 2 -u_l1 2 -u_l2 100 -w_stdev 0.01 -w_alpha 0.3 -w_beta 2 -w_l1 2 -w_l2 100 -core 8
load column_name:200 label_index:113
load single features:120
load combined features:153
2000000 lines have finished
4000000 lines have finished
6000000 lines have finished
8000000 lines have finished
10000000 lines have finished
12000000 lines have finished
14000000 lines have finished
16000000 lines have finished

real	10m37.183s
user	73m10.861s
sys	0m43.351s
=================== train date: 2025-04-04, param: param9 ====================
-piece_num 4 -u_stdev 0.01 -u_alpha 0.1 -u_beta 2 -u_l1 2 -u_l2 100 -w_stdev 0.01 -w_alpha 0.3 -w_beta 2 -w_l1 2 -w_l2 100 -core 8
load column_name:200 label_index:113
load single features:120
load combined features:153
2000000 lines have finished
4000000 lines have finished
6000000 lines have finished
8000000 lines have finished
10000000 lines have finished
12000000 lines have finished
14000000 lines have finished

real	10m13.713s
user	68m39.310s
sys	0m41.689s
=================== train date: 2025-04-05, param: param9 ====================
-piece_num 4 -u_stdev 0.01 -u_alpha 0.1 -u_beta 2 -u_l1 2 -u_l2 100 -w_stdev 0.01 -w_alpha 0.3 -w_beta 2 -w_l1 2 -w_l2 100 -core 8
load column_name:200 label_index:113
load single features:120
load combined features:153
2000000 lines have finished
4000000 lines have finished
6000000 lines have finished
8000000 lines have finished
10000000 lines have finished
12000000 lines have finished
14000000 lines have finished

real	10m17.137s
user	67m32.037s
sys	0m42.527s
=================== train date: 2025-04-06, param: param9 ====================
-piece_num 4 -u_stdev 0.01 -u_alpha 0.1 -u_beta 2 -u_l1 2 -u_l2 100 -w_stdev 0.01 -w_alpha 0.3 -w_beta 2 -w_l1 2 -w_l2 100 -core 8
load column_name:200 label_index:113
load single features:120
load combined features:153
2000000 lines have finished
4000000 lines have finished
6000000 lines have finished
8000000 lines have finished
10000000 lines have finished
12000000 lines have finished
14000000 lines have finished

real	10m29.342s
user	68m6.217s
sys	0m43.807s
=================== train date: 2025-04-07, param: param9 ====================
-piece_num 4 -u_stdev 0.01 -u_alpha 0.1 -u_beta 2 -u_l1 2 -u_l2 100 -w_stdev 0.01 -w_alpha 0.3 -w_beta 2 -w_l1 2 -w_l2 100 -core 8
load column_name:200 label_index:113
load single features:120
load combined features:153
2000000 lines have finished
4000000 lines have finished
6000000 lines have finished
8000000 lines have finished
10000000 lines have finished
12000000 lines have finished
14000000 lines have finished
16000000 lines have finished

real	11m20.997s
user	73m55.024s
sys	0m46.559s
=================== train date: 2025-04-08, param: param9 ====================
-piece_num 4 -u_stdev 0.01 -u_alpha 0.1 -u_beta 2 -u_l1 2 -u_l2 100 -w_stdev 0.01 -w_alpha 0.3 -w_beta 2 -w_l1 2 -w_l2 100 -core 8
load column_name:200 label_index:113
load single features:120
load combined features:153
2000000 lines have finished
4000000 lines have finished
6000000 lines have finished
8000000 lines have finished
10000000 lines have finished
12000000 lines have finished
14000000 lines have finished
16000000 lines have finished

real	11m42.495s
user	75m38.988s
sys	0m49.165s
=================== train date: 2025-04-09, param: param9 ====================
-piece_num 4 -u_stdev 0.01 -u_alpha 0.1 -u_beta 2 -u_l1 2 -u_l2 100 -w_stdev 0.01 -w_alpha 0.3 -w_beta 2 -w_l1 2 -w_l2 100 -core 8
load column_name:200 label_index:113
load single features:120
load combined features:153
2000000 lines have finished
4000000 lines have finished
6000000 lines have finished
8000000 lines have finished
10000000 lines have finished
12000000 lines have finished
14000000 lines have finished
16000000 lines have finished

real	11m36.080s
user	74m8.646s
sys	0m49.607s
=================== train date: 2025-04-10, param: param9 ====================
-piece_num 4 -u_stdev 0.01 -u_alpha 0.1 -u_beta 2 -u_l1 2 -u_l2 100 -w_stdev 0.01 -w_alpha 0.3 -w_beta 2 -w_l1 2 -w_l2 100 -core 8
load column_name:200 label_index:113
load single features:120
load combined features:153
2000000 lines have finished
4000000 lines have finished
6000000 lines have finished
8000000 lines have finished
10000000 lines have finished
12000000 lines have finished
14000000 lines have finished

real	11m9.112s
user	69m41.536s
sys	0m48.266s
=================== train date: 2025-04-11, param: param9 ====================
-piece_num 4 -u_stdev 0.01 -u_alpha 0.1 -u_beta 2 -u_l1 2 -u_l2 100 -w_stdev 0.01 -w_alpha 0.3 -w_beta 2 -w_l1 2 -w_l2 100 -core 8
load column_name:200 label_index:113
load single features:120
load combined features:153
2000000 lines have finished
4000000 lines have finished
6000000 lines have finished
8000000 lines have finished
10000000 lines have finished
12000000 lines have finished
14000000 lines have finished

real	11m8.259s
user	68m49.697s
sys	0m47.535s
=================== train date: 2025-04-12, param: param9 ====================
-piece_num 4 -u_stdev 0.01 -u_alpha 0.1 -u_beta 2 -u_l1 2 -u_l2 100 -w_stdev 0.01 -w_alpha 0.3 -w_beta 2 -w_l1 2 -w_l2 100 -core 8
load column_name:200 label_index:113
load single features:120
load combined features:153
2000000 lines have finished
4000000 lines have finished
6000000 lines have finished
8000000 lines have finished
10000000 lines have finished
12000000 lines have finished
14000000 lines have finished

real	11m8.747s
user	68m18.209s
sys	0m49.095s
=================== train date: 2025-04-13, param: param9 ====================
-piece_num 4 -u_stdev 0.01 -u_alpha 0.1 -u_beta 2 -u_l1 2 -u_l2 100 -w_stdev 0.01 -w_alpha 0.3 -w_beta 2 -w_l1 2 -w_l2 100 -core 8
load column_name:200 label_index:113
load single features:120
load combined features:153
2000000 lines have finished
4000000 lines have finished
6000000 lines have finished
8000000 lines have finished
10000000 lines have finished
12000000 lines have finished
14000000 lines have finished

real	11m10.769s
user	67m40.880s
sys	0m48.922s
=================== train date: 2025-04-14, param: param9 ====================
-piece_num 4 -u_stdev 0.01 -u_alpha 0.1 -u_beta 2 -u_l1 2 -u_l2 100 -w_stdev 0.01 -w_alpha 0.3 -w_beta 2 -w_l1 2 -w_l2 100 -core 8
load column_name:200 label_index:113
load single features:120
load combined features:153
2000000 lines have finished
4000000 lines have finished
6000000 lines have finished
8000000 lines have finished
10000000 lines have finished
12000000 lines have finished
14000000 lines have finished

real	11m36.303s
user	70m35.904s
sys	0m50.941s
=================== train date: 2025-04-15, param: param9 ====================
-piece_num 4 -u_stdev 0.01 -u_alpha 0.1 -u_beta 2 -u_l1 2 -u_l2 100 -w_stdev 0.01 -w_alpha 0.3 -w_beta 2 -w_l1 2 -w_l2 100 -core 8
load column_name:200 label_index:113
load single features:120
load combined features:153
2000000 lines have finished
4000000 lines have finished
6000000 lines have finished
8000000 lines have finished
10000000 lines have finished
12000000 lines have finished
14000000 lines have finished

real	11m7.390s
user	65m59.003s
sys	0m50.700s
=================== train date: 2025-04-16, param: param9 ====================
-piece_num 4 -u_stdev 0.01 -u_alpha 0.1 -u_beta 2 -u_l1 2 -u_l2 100 -w_stdev 0.01 -w_alpha 0.3 -w_beta 2 -w_l1 2 -w_l2 100 -core 8
load column_name:200 label_index:113
load single features:120
load combined features:153
2000000 lines have finished
4000000 lines have finished
6000000 lines have finished
8000000 lines have finished
10000000 lines have finished
12000000 lines have finished
14000000 lines have finished

real	10m56.849s
user	64m12.005s
sys	0m50.851s
=================== validation date: 2025-04-17, param: param9 ===================
load column_name:200 label_index:113
load single features:120
load combined features:153
2000000 lines have finished
4000000 lines have finished
6000000 lines have finished
8000000 lines have finished
10000000 lines have finished
12000000 lines have finished
validation result for param9
******************** validation result ********************
pos num: 2020 neg num: 13322643
AUC: 0.7860, PCOC: 1.2884
************************************************************

real	7m17.190s
user	50m34.000s
sys	0m54.419s
=================== train date: 2025-04-01, param: param8 ====================
-piece_num 4 -u_stdev 0.01 -u_alpha 0.3 -u_beta 1 -u_l1 5 -u_l2 100 -w_stdev 0.01 -w_alpha 0.3 -w_beta 1 -w_l1 5 -w_l2 100 -core 8
load column_name:200 label_index:113
load single features:120
load combined features:153
2000000 lines have finished
4000000 lines have finished
6000000 lines have finished
8000000 lines have finished
10000000 lines have finished
12000000 lines have finished
14000000 lines have finished
16000000 lines have finished

real	10m13.612s
user	75m43.686s
sys	0m40.780s
=================== train date: 2025-04-02, param: param8 ====================
-piece_num 4 -u_stdev 0.01 -u_alpha 0.3 -u_beta 1 -u_l1 5 -u_l2 100 -w_stdev 0.01 -w_alpha 0.3 -w_beta 1 -w_l1 5 -w_l2 100 -core 8
load column_name:200 label_index:113
load single features:120
load combined features:153
2000000 lines have finished
4000000 lines have finished
6000000 lines have finished
8000000 lines have finished
10000000 lines have finished
12000000 lines have finished
14000000 lines have finished
16000000 lines have finished
18000000 lines have finished

real	11m13.257s
user	79m54.220s
sys	0m44.351s
=================== train date: 2025-04-03, param: param8 ====================
-piece_num 4 -u_stdev 0.01 -u_alpha 0.3 -u_beta 1 -u_l1 5 -u_l2 100 -w_stdev 0.01 -w_alpha 0.3 -w_beta 1 -w_l1 5 -w_l2 100 -core 8
load column_name:200 label_index:113
load single features:120
load combined features:153
2000000 lines have finished
4000000 lines have finished
6000000 lines have finished
8000000 lines have finished
10000000 lines have finished
12000000 lines have finished
14000000 lines have finished
16000000 lines have finished

real	10m35.951s
user	72m57.516s
sys	0m41.671s
=================== train date: 2025-04-04, param: param8 ====================
-piece_num 4 -u_stdev 0.01 -u_alpha 0.3 -u_beta 1 -u_l1 5 -u_l2 100 -w_stdev 0.01 -w_alpha 0.3 -w_beta 1 -w_l1 5 -w_l2 100 -core 8
load column_name:200 label_index:113
load single features:120
load combined features:153
2000000 lines have finished
4000000 lines have finished
6000000 lines have finished
8000000 lines have finished
10000000 lines have finished
12000000 lines have finished
14000000 lines have finished

real	10m12.782s
user	68m30.801s
sys	0m41.685s
=================== train date: 2025-04-05, param: param8 ====================
-piece_num 4 -u_stdev 0.01 -u_alpha 0.3 -u_beta 1 -u_l1 5 -u_l2 100 -w_stdev 0.01 -w_alpha 0.3 -w_beta 1 -w_l1 5 -w_l2 100 -core 8
load column_name:200 label_index:113
load single features:120
load combined features:153
2000000 lines have finished
4000000 lines have finished
6000000 lines have finished
8000000 lines have finished
10000000 lines have finished
12000000 lines have finished
14000000 lines have finished

real	10m15.252s
user	67m17.589s
sys	0m42.732s
=================== train date: 2025-04-06, param: param8 ====================
-piece_num 4 -u_stdev 0.01 -u_alpha 0.3 -u_beta 1 -u_l1 5 -u_l2 100 -w_stdev 0.01 -w_alpha 0.3 -w_beta 1 -w_l1 5 -w_l2 100 -core 8
load column_name:200 label_index:113
load single features:120
load combined features:153
2000000 lines have finished
4000000 lines have finished
6000000 lines have finished
8000000 lines have finished
10000000 lines have finished
12000000 lines have finished
14000000 lines have finished

real	10m27.599s
user	67m39.605s
sys	0m43.964s
=================== train date: 2025-04-07, param: param8 ====================
-piece_num 4 -u_stdev 0.01 -u_alpha 0.3 -u_beta 1 -u_l1 5 -u_l2 100 -w_stdev 0.01 -w_alpha 0.3 -w_beta 1 -w_l1 5 -w_l2 100 -core 8
load column_name:200 label_index:113
load single features:120
load combined features:153
2000000 lines have finished
4000000 lines have finished
6000000 lines have finished
8000000 lines have finished
10000000 lines have finished
12000000 lines have finished
14000000 lines have finished
16000000 lines have finished

real	11m21.271s
user	73m53.962s
sys	0m47.572s
=================== train date: 2025-04-08, param: param8 ====================
-piece_num 4 -u_stdev 0.01 -u_alpha 0.3 -u_beta 1 -u_l1 5 -u_l2 100 -w_stdev 0.01 -w_alpha 0.3 -w_beta 1 -w_l1 5 -w_l2 100 -core 8
load column_name:200 label_index:113
load single features:120
load combined features:153
2000000 lines have finished
4000000 lines have finished
6000000 lines have finished
8000000 lines have finished
10000000 lines have finished
12000000 lines have finished
14000000 lines have finished
16000000 lines have finished

real	11m40.675s
user	75m23.565s
sys	0m48.504s
=================== train date: 2025-04-09, param: param8 ====================
-piece_num 4 -u_stdev 0.01 -u_alpha 0.3 -u_beta 1 -u_l1 5 -u_l2 100 -w_stdev 0.01 -w_alpha 0.3 -w_beta 1 -w_l1 5 -w_l2 100 -core 8
load column_name:200 label_index:113
load single features:120
load combined features:153
2000000 lines have finished
4000000 lines have finished
6000000 lines have finished
8000000 lines have finished
10000000 lines have finished
12000000 lines have finished
14000000 lines have finished
16000000 lines have finished

real	11m33.459s
user	73m32.988s
sys	0m49.091s
=================== train date: 2025-04-10, param: param8 ====================
-piece_num 4 -u_stdev 0.01 -u_alpha 0.3 -u_beta 1 -u_l1 5 -u_l2 100 -w_stdev 0.01 -w_alpha 0.3 -w_beta 1 -w_l1 5 -w_l2 100 -core 8
load column_name:200 label_index:113
load single features:120
load combined features:153
2000000 lines have finished
4000000 lines have finished
6000000 lines have finished
8000000 lines have finished
10000000 lines have finished
12000000 lines have finished
14000000 lines have finished

real	11m24.677s
user	71m19.701s
sys	0m50.080s
=================== train date: 2025-04-11, param: param8 ====================
-piece_num 4 -u_stdev 0.01 -u_alpha 0.3 -u_beta 1 -u_l1 5 -u_l2 100 -w_stdev 0.01 -w_alpha 0.3 -w_beta 1 -w_l1 5 -w_l2 100 -core 8
load column_name:200 label_index:113
load single features:120
load combined features:153
2000000 lines have finished
4000000 lines have finished
6000000 lines have finished
8000000 lines have finished
10000000 lines have finished
12000000 lines have finished
14000000 lines have finished

real	11m35.435s
user	71m32.218s
sys	0m52.099s
=================== train date: 2025-04-12, param: param8 ====================
-piece_num 4 -u_stdev 0.01 -u_alpha 0.3 -u_beta 1 -u_l1 5 -u_l2 100 -w_stdev 0.01 -w_alpha 0.3 -w_beta 1 -w_l1 5 -w_l2 100 -core 8
load column_name:200 label_index:113
load single features:120
load combined features:153
2000000 lines have finished
4000000 lines have finished
6000000 lines have finished
8000000 lines have finished
10000000 lines have finished
12000000 lines have finished
14000000 lines have finished

real	11m35.959s
user	71m0.963s
sys	0m53.925s
=================== train date: 2025-04-13, param: param8 ====================
-piece_num 4 -u_stdev 0.01 -u_alpha 0.3 -u_beta 1 -u_l1 5 -u_l2 100 -w_stdev 0.01 -w_alpha 0.3 -w_beta 1 -w_l1 5 -w_l2 100 -core 8
load column_name:200 label_index:113
load single features:120
load combined features:153
2000000 lines have finished
4000000 lines have finished
6000000 lines have finished
8000000 lines have finished
10000000 lines have finished
12000000 lines have finished
14000000 lines have finished

real	11m34.786s
user	70m42.428s
sys	0m54.633s
=================== train date: 2025-04-14, param: param8 ====================
-piece_num 4 -u_stdev 0.01 -u_alpha 0.3 -u_beta 1 -u_l1 5 -u_l2 100 -w_stdev 0.01 -w_alpha 0.3 -w_beta 1 -w_l1 5 -w_l2 100 -core 8
load column_name:200 label_index:113
load single features:120
load combined features:153
2000000 lines have finished
4000000 lines have finished
6000000 lines have finished
8000000 lines have finished
10000000 lines have finished
12000000 lines have finished
14000000 lines have finished

real	12m3.254s
user	73m15.866s
sys	0m57.298s
=================== train date: 2025-04-15, param: param8 ====================
-piece_num 4 -u_stdev 0.01 -u_alpha 0.3 -u_beta 1 -u_l1 5 -u_l2 100 -w_stdev 0.01 -w_alpha 0.3 -w_beta 1 -w_l1 5 -w_l2 100 -core 8
load column_name:200 label_index:113
load single features:120
load combined features:153
2000000 lines have finished
4000000 lines have finished
6000000 lines have finished
8000000 lines have finished
10000000 lines have finished
12000000 lines have finished
14000000 lines have finished

real	11m33.975s
user	68m51.820s
sys	0m55.174s
=================== train date: 2025-04-16, param: param8 ====================
-piece_num 4 -u_stdev 0.01 -u_alpha 0.3 -u_beta 1 -u_l1 5 -u_l2 100 -w_stdev 0.01 -w_alpha 0.3 -w_beta 1 -w_l1 5 -w_l2 100 -core 8
load column_name:200 label_index:113
load single features:120
load combined features:153
2000000 lines have finished
4000000 lines have finished
6000000 lines have finished
8000000 lines have finished
10000000 lines have finished
12000000 lines have finished
14000000 lines have finished

real	11m23.599s
user	66m54.119s
sys	0m54.957s
=================== validation date: 2025-04-17, param: param8 ===================
load column_name:200 label_index:113
load single features:120
load combined features:153
2000000 lines have finished
4000000 lines have finished
6000000 lines have finished
8000000 lines have finished
10000000 lines have finished
12000000 lines have finished
validation result for param8
******************** validation result ********************
pos num: 2020 neg num: 13322643
AUC: 0.7861, PCOC: 1.3160
************************************************************

real	7m55.274s
user	54m55.606s
sys	1m0.081s
=================== train date: 2025-04-01, param: param10 ====================
-piece_num 4 -u_stdev 0.01 -u_alpha 0.3 -u_beta 1 -u_l1 0.5 -u_l2 100 -w_stdev 0.01 -w_alpha 0.3 -w_beta 1 -w_l1 2 -w_l2 100 -core 8
load column_name:200 label_index:113
load single features:120
load combined features:153
2000000 lines have finished
4000000 lines have finished
6000000 lines have finished
8000000 lines have finished
10000000 lines have finished
12000000 lines have finished
14000000 lines have finished
16000000 lines have finished

real	12m5.259s
user	90m2.083s
sys	0m43.754s
=================== train date: 2025-04-02, param: param10 ====================
-piece_num 4 -u_stdev 0.01 -u_alpha 0.3 -u_beta 1 -u_l1 0.5 -u_l2 100 -w_stdev 0.01 -w_alpha 0.3 -w_beta 1 -w_l1 2 -w_l2 100 -core 8
load column_name:200 label_index:113
load single features:120
load combined features:153
2000000 lines have finished
4000000 lines have finished
6000000 lines have finished
8000000 lines have finished
10000000 lines have finished
12000000 lines have finished
14000000 lines have finished
16000000 lines have finished
18000000 lines have finished

real	12m39.534s
user	90m14.574s
sys	0m48.904s
=================== train date: 2025-04-03, param: param10 ====================
-piece_num 4 -u_stdev 0.01 -u_alpha 0.3 -u_beta 1 -u_l1 0.5 -u_l2 100 -w_stdev 0.01 -w_alpha 0.3 -w_beta 1 -w_l1 2 -w_l2 100 -core 8
load column_name:200 label_index:113
load single features:120
load combined features:153
2000000 lines have finished
4000000 lines have finished
6000000 lines have finished
8000000 lines have finished
10000000 lines have finished
12000000 lines have finished
14000000 lines have finished
16000000 lines have finished

real	11m49.200s
user	81m33.707s
sys	0m46.594s
=================== train date: 2025-04-04, param: param10 ====================
-piece_num 4 -u_stdev 0.01 -u_alpha 0.3 -u_beta 1 -u_l1 0.5 -u_l2 100 -w_stdev 0.01 -w_alpha 0.3 -w_beta 1 -w_l1 2 -w_l2 100 -core 8
load column_name:200 label_index:113
load single features:120
load combined features:153
2000000 lines have finished
4000000 lines have finished
6000000 lines have finished
8000000 lines have finished
10000000 lines have finished
12000000 lines have finished
14000000 lines have finished

real	11m40.306s
user	78m55.220s
sys	0m48.653s
=================== train date: 2025-04-05, param: param10 ====================
-piece_num 4 -u_stdev 0.01 -u_alpha 0.3 -u_beta 1 -u_l1 0.5 -u_l2 100 -w_stdev 0.01 -w_alpha 0.3 -w_beta 1 -w_l1 2 -w_l2 100 -core 8
load column_name:200 label_index:113
load single features:120
load combined features:153
2000000 lines have finished
4000000 lines have finished
6000000 lines have finished
8000000 lines have finished
10000000 lines have finished
12000000 lines have finished
14000000 lines have finished

real	11m26.467s
user	75m33.398s
sys	0m46.806s
=================== train date: 2025-04-06, param: param10 ====================
-piece_num 4 -u_stdev 0.01 -u_alpha 0.3 -u_beta 1 -u_l1 0.5 -u_l2 100 -w_stdev 0.01 -w_alpha 0.3 -w_beta 1 -w_l1 2 -w_l2 100 -core 8
load column_name:200 label_index:113
load single features:120
load combined features:153
2000000 lines have finished
4000000 lines have finished
6000000 lines have finished
8000000 lines have finished
10000000 lines have finished
12000000 lines have finished
14000000 lines have finished

real	11m34.240s
user	75m47.982s
sys	0m52.077s
=================== train date: 2025-04-07, param: param10 ====================
-piece_num 4 -u_stdev 0.01 -u_alpha 0.3 -u_beta 1 -u_l1 0.5 -u_l2 100 -w_stdev 0.01 -w_alpha 0.3 -w_beta 1 -w_l1 2 -w_l2 100 -core 8
load column_name:200 label_index:113
load single features:120
load combined features:153
2000000 lines have finished
4000000 lines have finished
6000000 lines have finished
8000000 lines have finished
10000000 lines have finished
12000000 lines have finished
14000000 lines have finished
16000000 lines have finished

real	12m42.005s
user	83m16.728s
sys	0m52.654s
=================== train date: 2025-04-08, param: param10 ====================
-piece_num 4 -u_stdev 0.01 -u_alpha 0.3 -u_beta 1 -u_l1 0.5 -u_l2 100 -w_stdev 0.01 -w_alpha 0.3 -w_beta 1 -w_l1 2 -w_l2 100 -core 8
load column_name:200 label_index:113
load single features:120
load combined features:153
2000000 lines have finished
4000000 lines have finished
6000000 lines have finished
8000000 lines have finished
10000000 lines have finished
12000000 lines have finished
14000000 lines have finished
16000000 lines have finished

real	13m5.321s
user	84m29.550s
sys	0m59.357s
=================== train date: 2025-04-09, param: param10 ====================
-piece_num 4 -u_stdev 0.01 -u_alpha 0.3 -u_beta 1 -u_l1 0.5 -u_l2 100 -w_stdev 0.01 -w_alpha 0.3 -w_beta 1 -w_l1 2 -w_l2 100 -core 8
load column_name:200 label_index:113
load single features:120
load combined features:153
2000000 lines have finished
4000000 lines have finished
6000000 lines have finished
8000000 lines have finished
10000000 lines have finished
12000000 lines have finished
14000000 lines have finished
16000000 lines have finished

real	13m9.680s
user	84m16.538s
sys	0m57.944s
=================== train date: 2025-04-10, param: param10 ====================
-piece_num 4 -u_stdev 0.01 -u_alpha 0.3 -u_beta 1 -u_l1 0.5 -u_l2 100 -w_stdev 0.01 -w_alpha 0.3 -w_beta 1 -w_l1 2 -w_l2 100 -core 8
load column_name:200 label_index:113
load single features:120
load combined features:153
2000000 lines have finished
4000000 lines have finished
6000000 lines have finished
8000000 lines have finished
10000000 lines have finished
12000000 lines have finished
14000000 lines have finished

real	12m24.889s
user	78m22.053s
sys	0m54.980s
=================== train date: 2025-04-11, param: param10 ====================
-piece_num 4 -u_stdev 0.01 -u_alpha 0.3 -u_beta 1 -u_l1 0.5 -u_l2 100 -w_stdev 0.01 -w_alpha 0.3 -w_beta 1 -w_l1 2 -w_l2 100 -core 8
load column_name:200 label_index:113
load single features:120
load combined features:153
2000000 lines have finished
4000000 lines have finished
6000000 lines have finished
8000000 lines have finished
10000000 lines have finished
12000000 lines have finished
14000000 lines have finished

real	12m10.493s
user	76m42.862s
sys	0m54.773s
=================== train date: 2025-04-12, param: param10 ====================
-piece_num 4 -u_stdev 0.01 -u_alpha 0.3 -u_beta 1 -u_l1 0.5 -u_l2 100 -w_stdev 0.01 -w_alpha 0.3 -w_beta 1 -w_l1 2 -w_l2 100 -core 8
load column_name:200 label_index:113
load single features:120
load combined features:153
2000000 lines have finished
4000000 lines have finished
6000000 lines have finished
8000000 lines have finished
10000000 lines have finished
12000000 lines have finished
14000000 lines have finished

real	11m37.095s
user	71m22.680s
sys	0m53.253s
=================== train date: 2025-04-13, param: param10 ====================
-piece_num 4 -u_stdev 0.01 -u_alpha 0.3 -u_beta 1 -u_l1 0.5 -u_l2 100 -w_stdev 0.01 -w_alpha 0.3 -w_beta 1 -w_l1 2 -w_l2 100 -core 8
load column_name:200 label_index:113
load single features:120
load combined features:153
2000000 lines have finished
4000000 lines have finished
6000000 lines have finished
8000000 lines have finished
10000000 lines have finished
12000000 lines have finished
14000000 lines have finished

real	11m41.270s
user	70m57.490s
sys	0m51.485s
=================== train date: 2025-04-14, param: param10 ====================
-piece_num 4 -u_stdev 0.01 -u_alpha 0.3 -u_beta 1 -u_l1 0.5 -u_l2 100 -w_stdev 0.01 -w_alpha 0.3 -w_beta 1 -w_l1 2 -w_l2 100 -core 8
load column_name:200 label_index:113
load single features:120
load combined features:153
2000000 lines have finished
4000000 lines have finished
6000000 lines have finished
8000000 lines have finished
10000000 lines have finished
12000000 lines have finished
14000000 lines have finished

real	12m6.534s
user	73m39.103s
sys	0m53.584s
=================== train date: 2025-04-15, param: param10 ====================
-piece_num 4 -u_stdev 0.01 -u_alpha 0.3 -u_beta 1 -u_l1 0.5 -u_l2 100 -w_stdev 0.01 -w_alpha 0.3 -w_beta 1 -w_l1 2 -w_l2 100 -core 8
load column_name:200 label_index:113
load single features:120
load combined features:153
2000000 lines have finished
4000000 lines have finished
6000000 lines have finished
8000000 lines have finished
10000000 lines have finished
12000000 lines have finished
14000000 lines have finished

real	11m37.026s
user	69m21.962s
sys	0m55.188s
=================== train date: 2025-04-16, param: param10 ====================
-piece_num 4 -u_stdev 0.01 -u_alpha 0.3 -u_beta 1 -u_l1 0.5 -u_l2 100 -w_stdev 0.01 -w_alpha 0.3 -w_beta 1 -w_l1 2 -w_l2 100 -core 8
load column_name:200 label_index:113
load single features:120
load combined features:153
2000000 lines have finished
4000000 lines have finished
6000000 lines have finished
8000000 lines have finished
10000000 lines have finished
12000000 lines have finished
14000000 lines have finished

real	11m27.819s
user	67m28.294s
sys	0m54.599s
=================== validation date: 2025-04-17, param: param10 ===================
load column_name:200 label_index:113
load single features:120
load combined features:153
2000000 lines have finished
4000000 lines have finished
6000000 lines have finished
8000000 lines have finished
10000000 lines have finished
12000000 lines have finished
validation result for param10
******************** validation result ********************
pos num: 2020 neg num: 13322643
AUC: 0.7850, PCOC: 1.3566
************************************************************

real	7m38.878s
user	53m4.056s
sys	0m56.617s
